  [1m[35m (2.0ms)[0m  [1m[34mSELECT sqlite_version(*)[0m
  [1m[35m (2.2ms)[0m  [1m[35mCREATE TABLE "schema_migrations" ("version" varchar NOT NULL PRIMARY KEY)[0m
  [1m[35m (1.1ms)[0m  [1m[35mCREATE TABLE "ar_internal_metadata" ("key" varchar NOT NULL PRIMARY KEY, "value" varchar, "created_at" datetime(6) NOT NULL, "updated_at" datetime(6) NOT NULL)[0m
  [1m[36mActiveRecord::InternalMetadata Load (0.1ms)[0m  [1m[34mSELECT "ar_internal_metadata".* FROM "ar_internal_metadata" WHERE "ar_internal_metadata"."key" = ? LIMIT ?[0m  [["key", "environment"], ["LIMIT", 1]]
  [1m[36mTRANSACTION (0.1ms)[0m  [1m[36mbegin transaction[0m
  [1m[36mActiveRecord::InternalMetadata Create (0.5ms)[0m  [1m[32mINSERT INTO "ar_internal_metadata" ("key", "value", "created_at", "updated_at") VALUES (?, ?, ?, ?)[0m  [["key", "environment"], ["value", "development"], ["created_at", "2022-02-27 16:37:14.891702"], ["updated_at", "2022-02-27 16:37:14.891702"]]
  [1m[36mTRANSACTION (1.3ms)[0m  [1m[36mcommit transaction[0m
  [1m[35m (0.0ms)[0m  [1m[34mSELECT sqlite_version(*)[0m
  [1m[36mActiveRecord::SchemaMigration Pluck (0.1ms)[0m  [1m[34mSELECT "schema_migrations"."version" FROM "schema_migrations" ORDER BY "schema_migrations"."version" ASC[0m
Started GET "/" for 127.0.0.1 at 2022-02-27 16:43:52 +0000
  [1m[35m (0.8ms)[0m  [1m[34mSELECT sqlite_version(*)[0m
  [1m[36mActiveRecord::SchemaMigration Pluck (0.1ms)[0m  [1m[34mSELECT "schema_migrations"."version" FROM "schema_migrations" ORDER BY "schema_migrations"."version" ASC[0m
Processing by Rails::WelcomeController#index as HTML
  Rendering /Users/rduffy/.rbenv/versions/3.0.3/lib/ruby/gems/3.0.0/gems/railties-7.0.2.2/lib/rails/templates/rails/welcome/index.html.erb
  Rendered /Users/rduffy/.rbenv/versions/3.0.3/lib/ruby/gems/3.0.0/gems/railties-7.0.2.2/lib/rails/templates/rails/welcome/index.html.erb (Duration: 2.8ms | Allocations: 840)
Completed 200 OK in 28ms (Views: 12.1ms | ActiveRecord: 0.0ms | Allocations: 7749)


Started GET "/light_switch" for 127.0.0.1 at 2022-02-27 16:45:58 +0000
Processing by LightSwitchController#switch as HTML
  Rendering layout layouts/application.html.erb
  Rendering light_switch/switch.html.erb within layouts/application
  Rendered light_switch/switch.html.erb within layouts/application (Duration: 4.6ms | Allocations: 2448)
  Rendered layout layouts/application.html.erb (Duration: 4.8ms | Allocations: 2549)
Completed 500 Internal Server Error in 8ms (Allocations: 3830)


  
ActionView::SyntaxErrorInTemplate (Encountered a syntax error while rendering template: check <%= form_with_url: "/light_switch", local: true, data: {turbo: false} do |f| %>

    <%= hidden_field_tag 'status', false %>

    <%= submit_tag "Turn off" %>

<% end %>
):
1:    <%= form_with_url: "/light_switch", local: true, data: {turbo: false} do |f| %>
2:    
3:        <%= hidden_field_tag 'status', false %>
4:    
5:        <%= submit_tag "Turn off" %>
6:    
7:    <% end %>
  
app/views/light_switch/switch.html.erb:1: syntax error, unexpected ':', expecting `end'
app/views/light_switch/switch.html.erb:1: syntax error, unexpected ',', expecting `end'
app/views/light_switch/switch.html.erb:1: Can't assign to true
app/views/light_switch/switch.html.erb:1: syntax error, unexpected `do', expecting `end'
app/views/light_switch/switch.html.erb:9: syntax error, unexpected `end', expecting end-of-input
app/views/light_switch/switch.html.erb:1: syntax error, unexpected ':', expecting `end'
app/views/light_switch/switch.html.erb:1: syntax error, unexpected ',', expecting `end'
app/views/light_switch/switch.html.erb:1: Can't assign to true
app/views/light_switch/switch.html.erb:1: syntax error, unexpected `do', expecting `end'
app/views/light_switch/switch.html.erb:9: syntax error, unexpected `end', expecting end-of-input
app/views/light_switch/switch.html.erb:1: syntax error, unexpected ':', expecting `end'
app/views/light_switch/switch.html.erb:1: syntax error, unexpected ',', expecting `end'
app/views/light_switch/switch.html.erb:1: Can't assign to true
app/views/light_switch/switch.html.erb:1: syntax error, unexpected `do', expecting `end'
app/views/light_switch/switch.html.erb:9: syntax error, unexpected `end', expecting end-of-input
app/views/light_switch/switch.html.erb:1: syntax error, unexpected ':', expecting `end'
app/views/light_switch/switch.html.erb:1: syntax error, unexpected ',', expecting `end'
app/views/light_switch/switch.html.erb:1: Can't assign to true
app/views/light_switch/switch.html.erb:1: syntax error, unexpected `do', expecting `end'
app/views/light_switch/switch.html.erb:9: syntax error, unexpected `end', expecting end-of-input
app/views/light_switch/switch.html.erb:1: syntax error, unexpected ':', expecting `end'
app/views/light_switch/switch.html.erb:1: syntax error, unexpected ',', expecting `end'
app/views/light_switch/switch.html.erb:1: Can't assign to true
app/views/light_switch/switch.html.erb:1: syntax error, unexpected `do', expecting `end'
app/views/light_switch/switch.html.erb:9: syntax error, unexpected `end', expecting end-of-input
app/views/light_switch/switch.html.erb:1: syntax error, unexpected ':', expecting `end'
app/views/light_switch/switch.html.erb:1: syntax error, unexpected ',', expecting `end'
app/views/light_switch/switch.html.erb:1: Can't assign to true
app/views/light_switch/switch.html.erb:1: syntax error, unexpected `do', expecting `end'
app/views/light_switch/switch.html.erb:9: syntax error, unexpected `end', expecting end-of-input
Started GET "/light_switch" for 127.0.0.1 at 2022-02-27 16:46:29 +0000
Processing by LightSwitchController#switch as HTML
  Rendering layout layouts/application.html.erb
  Rendering light_switch/switch.html.erb within layouts/application
  Rendered light_switch/switch.html.erb within layouts/application (Duration: 1.8ms | Allocations: 780)
  Rendered layout layouts/application.html.erb (Duration: 282.9ms | Allocations: 97252)
Completed 200 OK in 287ms (Views: 286.0ms | Allocations: 98422)


Started POST "/light_switch" for 127.0.0.1 at 2022-02-27 16:46:35 +0000
  
ActionController::RoutingError (No route matches [POST] "/light_switch"):
  
Started POST "/light_switch" for 127.0.0.1 at 2022-02-27 16:48:19 +0000
Processing by LightSwitchController#switch as HTML
  Parameters: {"authenticity_token"=>"[FILTERED]", "status"=>"false", "commit"=>"Turn off"}
  Rendering layout layouts/application.html.erb
  Rendering light_switch/switch.html.erb within layouts/application
  Rendered light_switch/switch.html.erb within layouts/application (Duration: 0.6ms | Allocations: 283)
  Rendered layout layouts/application.html.erb (Duration: 51.1ms | Allocations: 14173)
Completed 200 OK in 55ms (Views: 52.8ms | Allocations: 15430)


Started POST "/light_switch" for 127.0.0.1 at 2022-02-27 16:48:21 +0000
Processing by LightSwitchController#switch as HTML
  Parameters: {"authenticity_token"=>"[FILTERED]", "status"=>"false", "commit"=>"Turn off"}
  Rendering layout layouts/application.html.erb
  Rendering light_switch/switch.html.erb within layouts/application
  Rendered light_switch/switch.html.erb within layouts/application (Duration: 2.5ms | Allocations: 190)
  Rendered layout layouts/application.html.erb (Duration: 8.4ms | Allocations: 2278)
Completed 200 OK in 11ms (Views: 9.3ms | Allocations: 2907)


Started POST "/light_switch" for 127.0.0.1 at 2022-02-27 16:48:22 +0000
Processing by LightSwitchController#switch as HTML
  Parameters: {"authenticity_token"=>"[FILTERED]", "status"=>"false", "commit"=>"Turn off"}
  Rendering layout layouts/application.html.erb
  Rendering light_switch/switch.html.erb within layouts/application
  Rendered light_switch/switch.html.erb within layouts/application (Duration: 0.5ms | Allocations: 190)
  Rendered layout layouts/application.html.erb (Duration: 4.2ms | Allocations: 2293)
Completed 200 OK in 6ms (Views: 4.7ms | Allocations: 2864)


Started GET "/light_switch" for 127.0.0.1 at 2022-02-27 16:52:55 +0000
Processing by LightSwitchController#switch as HTML
  Rendering layout layouts/application.html.erb
  Rendering light_switch/switch.html.erb within layouts/application
  Rendered light_switch/switch.html.erb within layouts/application (Duration: 0.8ms | Allocations: 1272)
  Rendered layout layouts/application.html.erb (Duration: 1.0ms | Allocations: 1361)
Completed 500 Internal Server Error in 4ms (Allocations: 2579)


  
ActionView::SyntaxErrorInTemplate (Encountered a syntax error while rendering template: check <%= form_with url: "/light_switch", local: true, data: {turbo: false} do |f| %>
    <%= hidden_field_tag 'status', false %>
    <%= submit_tag "Turn off" %>
<% end %>

<% if @light_switch %>
    The light switch is on
<% else %>
    The light switch is off
<% end %>

<%= form_with url: '/light_switch', lcocal: true, data {turbo: false } do |f| %>
    <%= hidden_field_tag 'status', true %>
    <%= submit_tag "Turn on" %>
<% end %>
):
1:    <%= form_with url: "/light_switch", local: true, data: {turbo: false} do |f| %>
2:        <%= hidden_field_tag 'status', false %>
3:        <%= submit_tag "Turn off" %>
4:    <% end %>
5:    
6:    <% if @light_switch %>
7:        The light switch is on
8:    <% else %>
9:        The light switch is off
10:    <% end %>
11:    
12:    <%= form_with url: '/light_switch', lcocal: true, data {turbo: false } do |f| %>
13:        <%= hidden_field_tag 'status', true %>
14:        <%= submit_tag "Turn on" %>
15:    <% end %>
  
app/views/light_switch/switch.html.erb:12: syntax error, unexpected ':', expecting '}'
app/views/light_switch/switch.html.erb:17: syntax error, unexpected `end', expecting end-of-input
app/views/light_switch/switch.html.erb:12: syntax error, unexpected ':', expecting '}'
app/views/light_switch/switch.html.erb:17: syntax error, unexpected `end', expecting end-of-input
app/views/light_switch/switch.html.erb:12: syntax error, unexpected ':', expecting '}'
app/views/light_switch/switch.html.erb:17: syntax error, unexpected `end', expecting end-of-input
app/views/light_switch/switch.html.erb:12: syntax error, unexpected ':', expecting '}'
app/views/light_switch/switch.html.erb:17: syntax error, unexpected `end', expecting end-of-input
app/views/light_switch/switch.html.erb:12: syntax error, unexpected ':', expecting '}'
app/views/light_switch/switch.html.erb:17: syntax error, unexpected `end', expecting end-of-input
app/views/light_switch/switch.html.erb:12: syntax error, unexpected ':', expecting '}'
app/views/light_switch/switch.html.erb:17: syntax error, unexpected `end', expecting end-of-input
Started GET "/light_switch" for 127.0.0.1 at 2022-02-27 16:53:57 +0000
Processing by LightSwitchController#switch as HTML
  Rendering layout layouts/application.html.erb
  Rendering light_switch/switch.html.erb within layouts/application
  Rendered light_switch/switch.html.erb within layouts/application (Duration: 1.4ms | Allocations: 1300)
  Rendered layout layouts/application.html.erb (Duration: 1.7ms | Allocations: 1389)
Completed 500 Internal Server Error in 5ms (Allocations: 2522)


  
ActionView::SyntaxErrorInTemplate (Encountered a syntax error while rendering template: check <%= form_with url: "/light_switch", local: true, data: {turbo: false} do |f| %>
    <%= hidden_field_tag 'status', false %>
    <%= submit_tag "Turn off" %>
<% end %>

<% if @light_switch %>
    The light switch is on
<% else %>
    The light switch is off
<% end %>

<%= form_with url: '/light_switch', lcocal: true, data {turbo: false} do |f| %>
    <%= hidden_field_tag 'status', true %>
    <%= submit_tag "Turn on" %>
<% end %>
):
1:    <%= form_with url: "/light_switch", local: true, data: {turbo: false} do |f| %>
2:        <%= hidden_field_tag 'status', false %>
3:        <%= submit_tag "Turn off" %>
4:    <% end %>
5:    
6:    <% if @light_switch %>
7:        The light switch is on
8:    <% else %>
9:        The light switch is off
10:    <% end %>
11:    
12:    <%= form_with url: '/light_switch', lcocal: true, data {turbo: false} do |f| %>
13:        <%= hidden_field_tag 'status', true %>
14:        <%= submit_tag "Turn on" %>
15:    <% end %>
  
app/views/light_switch/switch.html.erb:12: syntax error, unexpected ':', expecting '}'
app/views/light_switch/switch.html.erb:17: syntax error, unexpected `end', expecting end-of-input
app/views/light_switch/switch.html.erb:12: syntax error, unexpected ':', expecting '}'
app/views/light_switch/switch.html.erb:17: syntax error, unexpected `end', expecting end-of-input
app/views/light_switch/switch.html.erb:12: syntax error, unexpected ':', expecting '}'
app/views/light_switch/switch.html.erb:17: syntax error, unexpected `end', expecting end-of-input
app/views/light_switch/switch.html.erb:12: syntax error, unexpected ':', expecting '}'
app/views/light_switch/switch.html.erb:17: syntax error, unexpected `end', expecting end-of-input
app/views/light_switch/switch.html.erb:12: syntax error, unexpected ':', expecting '}'
app/views/light_switch/switch.html.erb:17: syntax error, unexpected `end', expecting end-of-input
app/views/light_switch/switch.html.erb:12: syntax error, unexpected ':', expecting '}'
app/views/light_switch/switch.html.erb:17: syntax error, unexpected `end', expecting end-of-input
Started GET "/light_switch" for 127.0.0.1 at 2022-02-27 16:54:30 +0000
Processing by LightSwitchController#switch as HTML
  Rendering layout layouts/application.html.erb
  Rendering light_switch/switch.html.erb within layouts/application
  Rendered light_switch/switch.html.erb within layouts/application (Duration: 1.8ms | Allocations: 1028)
  Rendered layout layouts/application.html.erb (Duration: 18.0ms | Allocations: 15213)
Completed 200 OK in 21ms (Views: 20.2ms | Allocations: 16384)


Started POST "/light_switch" for 127.0.0.1 at 2022-02-27 16:54:32 +0000
Processing by LightSwitchController#switch as HTML
  Parameters: {"authenticity_token"=>"[FILTERED]", "status"=>"false", "commit"=>"Turn off"}
  Rendering layout layouts/application.html.erb
  Rendering light_switch/switch.html.erb within layouts/application
  Rendered light_switch/switch.html.erb within layouts/application (Duration: 1.2ms | Allocations: 349)
  Rendered layout layouts/application.html.erb (Duration: 7.0ms | Allocations: 2437)
Completed 200 OK in 9ms (Views: 7.7ms | Allocations: 3066)


Started POST "/light_switch" for 127.0.0.1 at 2022-02-27 16:54:34 +0000
Processing by LightSwitchController#switch as HTML
  Parameters: {"authenticity_token"=>"[FILTERED]", "status"=>"true", "commit"=>"Turn on"}
  Rendering layout layouts/application.html.erb
  Rendering light_switch/switch.html.erb within layouts/application
  Rendered light_switch/switch.html.erb within layouts/application (Duration: 0.9ms | Allocations: 349)
  Rendered layout layouts/application.html.erb (Duration: 4.8ms | Allocations: 2437)
Completed 200 OK in 6ms (Views: 5.4ms | Allocations: 3009)


Started POST "/light_switch" for 127.0.0.1 at 2022-02-27 16:54:35 +0000
Processing by LightSwitchController#switch as HTML
  Parameters: {"authenticity_token"=>"[FILTERED]", "status"=>"false", "commit"=>"Turn off"}
  Rendering layout layouts/application.html.erb
  Rendering light_switch/switch.html.erb within layouts/application
  Rendered light_switch/switch.html.erb within layouts/application (Duration: 0.5ms | Allocations: 349)
  Rendered layout layouts/application.html.erb (Duration: 3.5ms | Allocations: 2437)
Completed 200 OK in 5ms (Views: 4.0ms | Allocations: 3029)


Started POST "/light_switch" for 127.0.0.1 at 2022-02-27 16:54:36 +0000
Processing by LightSwitchController#switch as HTML
  Parameters: {"authenticity_token"=>"[FILTERED]", "status"=>"false", "commit"=>"Turn off"}
  Rendering layout layouts/application.html.erb
  Rendering light_switch/switch.html.erb within layouts/application
  Rendered light_switch/switch.html.erb within layouts/application (Duration: 0.5ms | Allocations: 349)
  Rendered layout layouts/application.html.erb (Duration: 3.6ms | Allocations: 2437)
Completed 200 OK in 6ms (Views: 4.1ms | Allocations: 3026)


Started POST "/light_switch" for 127.0.0.1 at 2022-02-27 16:54:37 +0000
Processing by LightSwitchController#switch as HTML
  Parameters: {"authenticity_token"=>"[FILTERED]", "status"=>"true", "commit"=>"Turn on"}
  Rendering layout layouts/application.html.erb
  Rendering light_switch/switch.html.erb within layouts/application
  Rendered light_switch/switch.html.erb within layouts/application (Duration: 0.6ms | Allocations: 349)
  Rendered layout layouts/application.html.erb (Duration: 3.9ms | Allocations: 2437)
Completed 200 OK in 6ms (Views: 4.4ms | Allocations: 3008)


Started POST "/light_switch" for 127.0.0.1 at 2022-02-27 16:54:38 +0000
Processing by LightSwitchController#switch as HTML
  Parameters: {"authenticity_token"=>"[FILTERED]", "status"=>"true", "commit"=>"Turn on"}
  Rendering layout layouts/application.html.erb
  Rendering light_switch/switch.html.erb within layouts/application
  Rendered light_switch/switch.html.erb within layouts/application (Duration: 0.5ms | Allocations: 349)
  Rendered layout layouts/application.html.erb (Duration: 3.9ms | Allocations: 2437)
Completed 200 OK in 6ms (Views: 4.4ms | Allocations: 3026)


Started GET "/light_switch" for 127.0.0.1 at 2022-02-27 16:55:49 +0000
Processing by LightSwitchController#switch as HTML
  Rendering layout layouts/application.html.erb
  Rendering light_switch/switch.html.erb within layouts/application
  Rendered light_switch/switch.html.erb within layouts/application (Duration: 2.3ms | Allocations: 1021)
  Rendered layout layouts/application.html.erb (Duration: 7.3ms | Allocations: 3503)
Completed 200 OK in 11ms (Views: 9.9ms | Allocations: 4661)


Started POST "/light_switch" for 127.0.0.1 at 2022-02-27 16:55:50 +0000
Processing by LightSwitchController#switch as HTML
  Parameters: {"authenticity_token"=>"[FILTERED]", "status"=>"true", "commit"=>"Turn on"}
  Rendering layout layouts/application.html.erb
  Rendering light_switch/switch.html.erb within layouts/application
  Rendered light_switch/switch.html.erb within layouts/application (Duration: 0.7ms | Allocations: 354)
  Rendered layout layouts/application.html.erb (Duration: 4.5ms | Allocations: 2442)
Completed 200 OK in 7ms (Views: 5.3ms | Allocations: 3042)


Started POST "/light_switch" for 127.0.0.1 at 2022-02-27 16:55:51 +0000
Processing by LightSwitchController#switch as HTML
  Parameters: {"authenticity_token"=>"[FILTERED]", "status"=>"false", "commit"=>"Turn off"}
  Rendering layout layouts/application.html.erb
  Rendering light_switch/switch.html.erb within layouts/application
  Rendered light_switch/switch.html.erb within layouts/application (Duration: 0.8ms | Allocations: 354)
  Rendered layout layouts/application.html.erb (Duration: 4.1ms | Allocations: 2457)
Completed 200 OK in 6ms (Views: 4.6ms | Allocations: 3020)


Started GET "/light_switch" for 127.0.0.1 at 2022-02-27 16:57:17 +0000
Processing by LightSwitchController#switch as HTML
  Rendering layout layouts/application.html.erb
  Rendering light_switch/switch.html.erb within layouts/application
  Rendered light_switch/switch.html.erb within layouts/application (Duration: 1.7ms | Allocations: 1051)
  Rendered layout layouts/application.html.erb (Duration: 12.2ms | Allocations: 4948)
Completed 200 OK in 17ms (Views: 15.6ms | Allocations: 6106)


Started POST "/light_switch" for 127.0.0.1 at 2022-02-27 16:57:19 +0000
Processing by LightSwitchController#switch as HTML
  Parameters: {"authenticity_token"=>"[FILTERED]", "status"=>"true", "commit"=>"Turn on"}
  Rendering layout layouts/application.html.erb
  Rendering light_switch/switch.html.erb within layouts/application
  Rendered light_switch/switch.html.erb within layouts/application (Duration: 0.6ms | Allocations: 364)
  Rendered layout layouts/application.html.erb (Duration: 4.0ms | Allocations: 2452)
Completed 200 OK in 6ms (Views: 4.5ms | Allocations: 3049)


Started POST "/light_switch" for 127.0.0.1 at 2022-02-27 16:57:19 +0000
Processing by LightSwitchController#switch as HTML
  Parameters: {"authenticity_token"=>"[FILTERED]", "status"=>"false", "commit"=>"Turn off"}
  Rendering layout layouts/application.html.erb
  Rendering light_switch/switch.html.erb within layouts/application
  Rendered light_switch/switch.html.erb within layouts/application (Duration: 0.6ms | Allocations: 364)
  Rendered layout layouts/application.html.erb (Duration: 3.6ms | Allocations: 2452)
Completed 200 OK in 5ms (Views: 4.1ms | Allocations: 3035)


Started GET "/light_switch" for 127.0.0.1 at 2022-02-27 16:58:34 +0000
Processing by LightSwitchController#switch as HTML
  Rendering layout layouts/application.html.erb
  Rendering light_switch/switch.html.erb within layouts/application
  Rendered light_switch/switch.html.erb within layouts/application (Duration: 1.9ms | Allocations: 1036)
  Rendered layout layouts/application.html.erb (Duration: 12.7ms | Allocations: 6032)
Completed 200 OK in 17ms (Views: 15.6ms | Allocations: 7194)


Started POST "/light_switch" for 127.0.0.1 at 2022-02-27 16:58:37 +0000
Processing by LightSwitchController#switch as HTML
  Parameters: {"authenticity_token"=>"[FILTERED]", "status"=>"true", "commit"=>"Turn on"}
  Rendering layout layouts/application.html.erb
  Rendering light_switch/switch.html.erb within layouts/application
  Rendered light_switch/switch.html.erb within layouts/application (Duration: 0.6ms | Allocations: 364)
  Rendered layout layouts/application.html.erb (Duration: 3.9ms | Allocations: 2452)
Completed 200 OK in 6ms (Views: 4.6ms | Allocations: 3067)


Started POST "/light_switch" for 127.0.0.1 at 2022-02-27 16:58:38 +0000
Processing by LightSwitchController#switch as HTML
  Parameters: {"authenticity_token"=>"[FILTERED]", "status"=>"false", "commit"=>"Turn off"}
  Rendering layout layouts/application.html.erb
  Rendering light_switch/switch.html.erb within layouts/application
  Rendered light_switch/switch.html.erb within layouts/application (Duration: 0.6ms | Allocations: 364)
  Rendered layout layouts/application.html.erb (Duration: 3.6ms | Allocations: 2452)
Completed 200 OK in 5ms (Views: 4.1ms | Allocations: 3032)


Started POST "/light_switch" for 127.0.0.1 at 2022-02-27 16:58:39 +0000
Processing by LightSwitchController#switch as HTML
  Parameters: {"authenticity_token"=>"[FILTERED]", "status"=>"true", "commit"=>"Turn on"}
  Rendering layout layouts/application.html.erb
  Rendering light_switch/switch.html.erb within layouts/application
  Rendered light_switch/switch.html.erb within layouts/application (Duration: 0.9ms | Allocations: 364)
  Rendered layout layouts/application.html.erb (Duration: 4.4ms | Allocations: 2452)
Completed 200 OK in 6ms (Views: 4.8ms | Allocations: 3018)


Started POST "/light_switch" for 127.0.0.1 at 2022-02-27 16:58:42 +0000
Processing by LightSwitchController#switch as HTML
  Parameters: {"authenticity_token"=>"[FILTERED]", "status"=>"false", "commit"=>"Turn off"}
  Rendering layout layouts/application.html.erb
  Rendering light_switch/switch.html.erb within layouts/application
  Rendered light_switch/switch.html.erb within layouts/application (Duration: 0.8ms | Allocations: 364)
  Rendered layout layouts/application.html.erb (Duration: 3.6ms | Allocations: 2452)
Completed 200 OK in 5ms (Views: 4.1ms | Allocations: 3026)


Started GET "/light_switch" for 127.0.0.1 at 2022-02-27 17:00:28 +0000
Processing by LightSwitchController#switch as HTML
  Rendering layout layouts/application.html.erb
  Rendering light_switch/switch.html.erb within layouts/application
  Rendered light_switch/switch.html.erb within layouts/application (Duration: 1.7ms | Allocations: 1090)
  Rendered layout layouts/application.html.erb (Duration: 12.2ms | Allocations: 5627)
Completed 200 OK in 16ms (Views: 14.7ms | Allocations: 6785)


Started GET "/light_switch" for 127.0.0.1 at 2022-02-27 17:01:25 +0000
Processing by LightSwitchController#switch as HTML
  Rendering layout layouts/application.html.erb
  Rendering light_switch/switch.html.erb within layouts/application
  Rendered light_switch/switch.html.erb within layouts/application (Duration: 2.2ms | Allocations: 1077)
  Rendered layout layouts/application.html.erb (Duration: 5.7ms | Allocations: 3566)
Completed 200 OK in 10ms (Views: 8.2ms | Allocations: 4741)


Started GET "/light_switch" for 127.0.0.1 at 2022-02-27 17:39:44 +0000
Processing by LightSwitchController#switch as HTML
  Rendering layout layouts/application.html.erb
  Rendering light_switch/switch.html.erb within layouts/application
  Rendered light_switch/switch.html.erb within layouts/application (Duration: 1.5ms | Allocations: 1108)
  Rendered layout layouts/application.html.erb (Duration: 21.5ms | Allocations: 15319)
Completed 200 OK in 24ms (Views: 23.5ms | Allocations: 16569)


Started GET "/another_page" for 127.0.0.1 at 2022-02-27 17:39:46 +0000
Processing by LightSwitchController#another_page as HTML
  Rendering layout layouts/application.html.erb
  Rendering light_switch/page.html.erb within layouts/application
  Rendered light_switch/page.html.erb within layouts/application (Duration: 1.8ms | Allocations: 124)
  Rendered layout layouts/application.html.erb (Duration: 7.5ms | Allocations: 2440)
Completed 200 OK in 10ms (Views: 8.9ms | Allocations: 2826)


Started GET "/hidden_light_switch" for 127.0.0.1 at 2022-02-27 17:42:36 +0000
Processing by LightSwitchController#hidden_light_switch as HTML
Completed 500 Internal Server Error in 7ms (Allocations: 2007)


  
ActionView::MissingTemplate (Missing template light_switch/hidden_light_switch, application/hidden_light_switch with {:locale=>[:en], :formats=>[:html], :variants=>[], :handlers=>[:raw, :erb, :html, :builder, :ruby, :jbuilder]}.

Searched in:
  * "/Users/rduffy/Code/NCIRL/Cloud/rails/lightSwitchApp/app/views"
  * "/Users/rduffy/.rbenv/versions/3.0.3/lib/ruby/gems/3.0.0/gems/actiontext-7.0.2.2/app/views"
  * "/Users/rduffy/.rbenv/versions/3.0.3/lib/ruby/gems/3.0.0/gems/actionmailbox-7.0.2.2/app/views"

Did you mean?  light_switch/switch
               light_switch/page
               rails/conductor/action_mailbox/inbound_emails/index
               layouts/mailer
               layouts/application
               rails/conductor/action_mailbox/inbound_emails/show):
  
app/controllers/light_switch_controller.rb:12:in `hidden_light_switch'
Started GET "/hidden_light_switch" for 127.0.0.1 at 2022-02-27 17:43:04 +0000
Processing by LightSwitchController#hidden_light_switch as HTML
  Rendering layout layouts/application.html.erb
  Rendering light_switch/switch.html.erb within layouts/application
  Rendered light_switch/switch.html.erb within layouts/application (Duration: 1.5ms | Allocations: 734)
  Rendered layout layouts/application.html.erb (Duration: 17.5ms | Allocations: 14718)
Completed 200 OK in 20ms (Views: 19.1ms | Allocations: 15590)


