Started GET "/" for 127.0.0.1 at 2022-02-28 22:17:05 +0000
  [1m[35m (2.6ms)[0m  [1m[34mSELECT sqlite_version(*)[0m
Processing by Rails::WelcomeController#index as HTML
  Rendering /Users/rduffy/.rbenv/versions/3.0.3/lib/ruby/gems/3.0.0/gems/railties-7.0.2.2/lib/rails/templates/rails/welcome/index.html.erb
  Rendered /Users/rduffy/.rbenv/versions/3.0.3/lib/ruby/gems/3.0.0/gems/railties-7.0.2.2/lib/rails/templates/rails/welcome/index.html.erb (Duration: 2.8ms | Allocations: 840)
Completed 200 OK in 31ms (Views: 10.7ms | ActiveRecord: 0.0ms | Allocations: 7723)


  [1m[35m (1.1ms)[0m  [1m[34mSELECT sqlite_version(*)[0m
  [1m[35m (1.5ms)[0m  [1m[35mCREATE TABLE "schema_migrations" ("version" varchar NOT NULL PRIMARY KEY)[0m
  [1m[35m (0.9ms)[0m  [1m[35mCREATE TABLE "ar_internal_metadata" ("key" varchar NOT NULL PRIMARY KEY, "value" varchar, "created_at" datetime(6) NOT NULL, "updated_at" datetime(6) NOT NULL)[0m
  [1m[36mActiveRecord::SchemaMigration Pluck (0.1ms)[0m  [1m[34mSELECT "schema_migrations"."version" FROM "schema_migrations" ORDER BY "schema_migrations"."version" ASC[0m
Migrating to CreateMovies (20220228221800)
  [1m[36mTRANSACTION (0.0ms)[0m  [1m[36mbegin transaction[0m
  [1m[35m (0.4ms)[0m  [1m[35mCREATE TABLE "movies" ("id" integer PRIMARY KEY AUTOINCREMENT NOT NULL, "title" varchar, "rating" varchar, "release" varchar, "created_at" datetime(6) NOT NULL, "updated_at" datetime(6) NOT NULL)[0m
  [1m[36mActiveRecord::SchemaMigration Create (0.2ms)[0m  [1m[32mINSERT INTO "schema_migrations" ("version") VALUES (?)[0m  [["version", "20220228221800"]]
  [1m[36mTRANSACTION (0.9ms)[0m  [1m[36mcommit transaction[0m
  [1m[36mActiveRecord::InternalMetadata Load (0.1ms)[0m  [1m[34mSELECT "ar_internal_metadata".* FROM "ar_internal_metadata" WHERE "ar_internal_metadata"."key" = ? LIMIT ?[0m  [["key", "environment"], ["LIMIT", 1]]
  [1m[36mTRANSACTION (0.0ms)[0m  [1m[36mbegin transaction[0m
  [1m[36mActiveRecord::InternalMetadata Create (0.3ms)[0m  [1m[32mINSERT INTO "ar_internal_metadata" ("key", "value", "created_at", "updated_at") VALUES (?, ?, ?, ?)[0m  [["key", "environment"], ["value", "development"], ["created_at", "2022-02-28 22:18:16.845730"], ["updated_at", "2022-02-28 22:18:16.845730"]]
  [1m[36mTRANSACTION (0.7ms)[0m  [1m[36mcommit transaction[0m
  [1m[35m (0.0ms)[0m  [1m[34mSELECT sqlite_version(*)[0m
  [1m[36mActiveRecord::SchemaMigration Pluck (0.1ms)[0m  [1m[34mSELECT "schema_migrations"."version" FROM "schema_migrations" ORDER BY "schema_migrations"."version" ASC[0m
Started GET "/" for 127.0.0.1 at 2022-02-28 22:18:23 +0000
  [1m[35m (0.1ms)[0m  [1m[34mSELECT sqlite_version(*)[0m
  [1m[36mActiveRecord::SchemaMigration Pluck (0.2ms)[0m  [1m[34mSELECT "schema_migrations"."version" FROM "schema_migrations" ORDER BY "schema_migrations"."version" ASC[0m
Processing by Rails::WelcomeController#index as HTML
  Rendering /Users/rduffy/.rbenv/versions/3.0.3/lib/ruby/gems/3.0.0/gems/railties-7.0.2.2/lib/rails/templates/rails/welcome/index.html.erb
  Rendered /Users/rduffy/.rbenv/versions/3.0.3/lib/ruby/gems/3.0.0/gems/railties-7.0.2.2/lib/rails/templates/rails/welcome/index.html.erb (Duration: 1.3ms | Allocations: 413)
Completed 200 OK in 4ms (Views: 2.7ms | ActiveRecord: 0.0ms | Allocations: 1457)


Started GET "/movies" for 127.0.0.1 at 2022-02-28 22:18:27 +0000
Processing by MoviesController#index as HTML
  Rendering layout layouts/application.html.erb
  Rendering movies/index.html.erb within layouts/application
  [1m[36mMovie Load (0.5ms)[0m  [1m[34mSELECT "movies".* FROM "movies"[0m
  ↳ app/views/movies/index.html.erb:6
  Rendered movies/index.html.erb within layouts/application (Duration: 6.6ms | Allocations: 1595)
  Rendered layout layouts/application.html.erb (Duration: 261.1ms | Allocations: 96420)
Completed 200 OK in 269ms (Views: 263.0ms | ActiveRecord: 0.5ms | Allocations: 98519)


  [1m[35m (1.1ms)[0m  [1m[34mSELECT sqlite_version(*)[0m
  [1m[36mActiveRecord::SchemaMigration Pluck (0.1ms)[0m  [1m[34mSELECT "schema_migrations"."version" FROM "schema_migrations" ORDER BY "schema_migrations"."version" ASC[0m
Migrating to CreateReviews (20220228221916)
  [1m[36mTRANSACTION (0.1ms)[0m  [1m[36mbegin transaction[0m
  [1m[35m (0.5ms)[0m  [1m[35mCREATE TABLE "reviews" ("id" integer PRIMARY KEY AUTOINCREMENT NOT NULL, "details" varchar, "movie_id" integer NOT NULL, "created_at" datetime(6) NOT NULL, "updated_at" datetime(6) NOT NULL, CONSTRAINT "fk_rails_6ad75a4852"
FOREIGN KEY ("movie_id")
  REFERENCES "movies" ("id")
)[0m
  [1m[35m (0.1ms)[0m  [1m[35mCREATE INDEX "index_reviews_on_movie_id" ON "reviews" ("movie_id")[0m
  [1m[36mActiveRecord::SchemaMigration Create (0.4ms)[0m  [1m[32mINSERT INTO "schema_migrations" ("version") VALUES (?)[0m  [["version", "20220228221916"]]
  [1m[36mTRANSACTION (1.3ms)[0m  [1m[36mcommit transaction[0m
  [1m[36mActiveRecord::InternalMetadata Load (0.2ms)[0m  [1m[34mSELECT "ar_internal_metadata".* FROM "ar_internal_metadata" WHERE "ar_internal_metadata"."key" = ? LIMIT ?[0m  [["key", "environment"], ["LIMIT", 1]]
  [1m[35m (0.0ms)[0m  [1m[34mSELECT sqlite_version(*)[0m
  [1m[36mActiveRecord::SchemaMigration Pluck (0.1ms)[0m  [1m[34mSELECT "schema_migrations"."version" FROM "schema_migrations" ORDER BY "schema_migrations"."version" ASC[0m
Started GET "/movies" for 127.0.0.1 at 2022-02-28 22:38:23 +0000
  
SyntaxError (/Users/rduffy/Code/NCIRL/Cloud/rails/movieApp/config/routes.rb:12: syntax error, unexpected end-of-input, expecting `end'):
  
config/routes.rb:12: syntax error, unexpected end-of-input, expecting `end'
config/routes.rb:12: syntax error, unexpected end-of-input, expecting `end'
config/routes.rb:12: syntax error, unexpected end-of-input, expecting `end'
Started GET "/movies" for 127.0.0.1 at 2022-02-28 22:39:05 +0000
  [1m[35m (0.1ms)[0m  [1m[34mSELECT sqlite_version(*)[0m
  [1m[36mActiveRecord::SchemaMigration Pluck (0.5ms)[0m  [1m[34mSELECT "schema_migrations"."version" FROM "schema_migrations" ORDER BY "schema_migrations"."version" ASC[0m
Processing by MoviesController#index as HTML
  Rendering layout layouts/application.html.erb
  Rendering movies/index.html.erb within layouts/application
  [1m[36mMovie Load (0.6ms)[0m  [1m[34mSELECT "movies".* FROM "movies"[0m
  ↳ app/views/movies/index.html.erb:6
  Rendered movies/index.html.erb within layouts/application (Duration: 3.3ms | Allocations: 1525)
  Rendered layout layouts/application.html.erb (Duration: 27.9ms | Allocations: 15748)
Completed 200 OK in 45ms (Views: 29.7ms | ActiveRecord: 0.6ms | Allocations: 19921)


Started GET "/movies/new" for 127.0.0.1 at 2022-02-28 22:39:11 +0000
Processing by MoviesController#new as HTML
  Rendering layout layouts/application.html.erb
  Rendering movies/new.html.erb within layouts/application
  Rendered movies/_form.html.erb (Duration: 39.9ms | Allocations: 5392)
  Rendered movies/new.html.erb within layouts/application (Duration: 44.2ms | Allocations: 5755)
  Rendered layout layouts/application.html.erb (Duration: 55.1ms | Allocations: 7967)
Completed 200 OK in 66ms (Views: 55.7ms | ActiveRecord: 0.5ms | Allocations: 13064)


Started POST "/movies" for 127.0.0.1 at 2022-02-28 22:39:24 +0000
Processing by MoviesController#create as TURBO_STREAM
  Parameters: {"authenticity_token"=>"[FILTERED]", "movie"=>{"title"=>"1917", "rating"=>"4 stars", "release"=>"2019"}, "commit"=>"Create Movie"}
  [1m[36mTRANSACTION (0.1ms)[0m  [1m[36mbegin transaction[0m
  ↳ app/controllers/movies_controller.rb:27:in `block in create'
  [1m[36mMovie Create (1.2ms)[0m  [1m[32mINSERT INTO "movies" ("title", "rating", "release", "created_at", "updated_at") VALUES (?, ?, ?, ?, ?)[0m  [["title", "1917"], ["rating", "4 stars"], ["release", "2019"], ["created_at", "2022-02-28 22:39:24.992448"], ["updated_at", "2022-02-28 22:39:24.992448"]]
  ↳ app/controllers/movies_controller.rb:27:in `block in create'
  [1m[36mTRANSACTION (0.9ms)[0m  [1m[36mcommit transaction[0m
  ↳ app/controllers/movies_controller.rb:27:in `block in create'
Redirected to http://localhost:3000/movies/1
Completed 302 Found in 27ms (ActiveRecord: 2.2ms | Allocations: 4146)


Started GET "/movies/1" for 127.0.0.1 at 2022-02-28 22:39:25 +0000
Processing by MoviesController#show as TURBO_STREAM
  Parameters: {"id"=>"1"}
  [1m[36mMovie Load (0.2ms)[0m  [1m[34mSELECT "movies".* FROM "movies" WHERE "movies"."id" = ? LIMIT ?[0m  [["id", 1], ["LIMIT", 1]]
  ↳ app/controllers/movies_controller.rb:63:in `set_movie'
  Rendering layout layouts/application.html.erb
  Rendering movies/show.html.erb within layouts/application
  [1m[36mReview Load (0.5ms)[0m  [1m[34mSELECT "reviews".* FROM "reviews" WHERE "reviews"."movie_id" = ?[0m  [["movie_id", 1]]
  ↳ app/views/movies/show.html.erb:16
  Rendered movies/show.html.erb within layouts/application (Duration: 32.7ms | Allocations: 11859)
  Rendered layout layouts/application.html.erb (Duration: 36.2ms | Allocations: 14067)
Completed 200 OK in 42ms (Views: 36.0ms | ActiveRecord: 0.9ms | Allocations: 17189)


Started GET "/movies/1/edit" for 127.0.0.1 at 2022-02-28 22:39:28 +0000
Processing by MoviesController#edit as HTML
  Parameters: {"id"=>"1"}
  [1m[36mMovie Load (0.1ms)[0m  [1m[34mSELECT "movies".* FROM "movies" WHERE "movies"."id" = ? LIMIT ?[0m  [["id", 1], ["LIMIT", 1]]
  ↳ app/controllers/movies_controller.rb:63:in `set_movie'
  Rendering layout layouts/application.html.erb
  Rendering movies/edit.html.erb within layouts/application
  Rendered movies/_form.html.erb (Duration: 2.2ms | Allocations: 1429)
  Rendered movies/edit.html.erb within layouts/application (Duration: 3.5ms | Allocations: 1761)
  Rendered layout layouts/application.html.erb (Duration: 7.0ms | Allocations: 3850)
Completed 200 OK in 10ms (Views: 7.6ms | ActiveRecord: 0.1ms | Allocations: 4787)


Started PATCH "/movies/1" for 127.0.0.1 at 2022-02-28 22:39:37 +0000
Processing by MoviesController#update as TURBO_STREAM
  Parameters: {"authenticity_token"=>"[FILTERED]", "movie"=>{"title"=>"Dunkirk", "rating"=>"4 stars", "release"=>"2017"}, "commit"=>"Update Movie", "id"=>"1"}
  [1m[36mMovie Load (0.1ms)[0m  [1m[34mSELECT "movies".* FROM "movies" WHERE "movies"."id" = ? LIMIT ?[0m  [["id", 1], ["LIMIT", 1]]
  ↳ app/controllers/movies_controller.rb:63:in `set_movie'
  [1m[36mTRANSACTION (0.0ms)[0m  [1m[36mbegin transaction[0m
  ↳ app/controllers/movies_controller.rb:40:in `block in update'
  [1m[36mMovie Update (0.4ms)[0m  [1m[33mUPDATE "movies" SET "title" = ?, "release" = ?, "updated_at" = ? WHERE "movies"."id" = ?[0m  [["title", "Dunkirk"], ["release", "2017"], ["updated_at", "2022-02-28 22:39:37.034227"], ["id", 1]]
  ↳ app/controllers/movies_controller.rb:40:in `block in update'
  [1m[36mTRANSACTION (0.9ms)[0m  [1m[36mcommit transaction[0m
  ↳ app/controllers/movies_controller.rb:40:in `block in update'
Redirected to http://localhost:3000/movies/1
Completed 302 Found in 7ms (ActiveRecord: 1.4ms | Allocations: 3421)


Started GET "/movies/1" for 127.0.0.1 at 2022-02-28 22:39:37 +0000
Processing by MoviesController#show as TURBO_STREAM
  Parameters: {"id"=>"1"}
  [1m[36mMovie Load (0.1ms)[0m  [1m[34mSELECT "movies".* FROM "movies" WHERE "movies"."id" = ? LIMIT ?[0m  [["id", 1], ["LIMIT", 1]]
  ↳ app/controllers/movies_controller.rb:63:in `set_movie'
  Rendering layout layouts/application.html.erb
  Rendering movies/show.html.erb within layouts/application
  [1m[36mReview Load (0.1ms)[0m  [1m[34mSELECT "reviews".* FROM "reviews" WHERE "reviews"."movie_id" = ?[0m  [["movie_id", 1]]
  ↳ app/views/movies/show.html.erb:16
  Rendered movies/show.html.erb within layouts/application (Duration: 2.3ms | Allocations: 1314)
  Rendered layout layouts/application.html.erb (Duration: 5.7ms | Allocations: 3402)
Completed 200 OK in 8ms (Views: 6.1ms | ActiveRecord: 0.2ms | Allocations: 4218)


Started GET "/movies/1/reviews" for 127.0.0.1 at 2022-02-28 22:39:41 +0000
  
SyntaxError (/Users/rduffy/Code/NCIRL/Cloud/rails/movieApp/app/controllers/reviews_controller.rb:74: syntax error, unexpected end-of-input, expecting `end'):
  
app/controllers/reviews_controller.rb:74: syntax error, unexpected end-of-input, expecting `end'
app/controllers/reviews_controller.rb:74: syntax error, unexpected end-of-input, expecting `end'
app/controllers/reviews_controller.rb:74: syntax error, unexpected end-of-input, expecting `end'
Started GET "/movies/1/reviews" for 127.0.0.1 at 2022-02-28 22:40:19 +0000
Processing by ReviewsController#index as HTML
  Parameters: {"movie_id"=>"1"}
  [1m[35m (0.1ms)[0m  [1m[34mSELECT sqlite_version(*)[0m
  ↳ app/controllers/reviews_controller.rb:7:in `index'
  [1m[36mMovie Load (0.1ms)[0m  [1m[34mSELECT "movies".* FROM "movies" WHERE "movies"."id" = ? LIMIT ?[0m  [["id", 1], ["LIMIT", 1]]
  ↳ app/controllers/reviews_controller.rb:7:in `index'
  Rendering layout layouts/application.html.erb
  Rendering reviews/index.html.erb within layouts/application
  [1m[36mReview Load (0.1ms)[0m  [1m[34mSELECT "reviews".* FROM "reviews" WHERE "reviews"."movie_id" = ?[0m  [["movie_id", 1]]
  ↳ app/views/reviews/index.html.erb:6
  Rendered reviews/index.html.erb within layouts/application (Duration: 4.1ms | Allocations: 2362)
  Rendered layout layouts/application.html.erb (Duration: 19.1ms | Allocations: 16790)
Completed 200 OK in 34ms (Views: 21.0ms | ActiveRecord: 1.3ms | Allocations: 24777)


Started GET "/movies/1/reviews/new" for 127.0.0.1 at 2022-02-28 22:40:22 +0000
Processing by ReviewsController#new as HTML
  Parameters: {"movie_id"=>"1"}
  [1m[36mMovie Load (0.1ms)[0m  [1m[34mSELECT "movies".* FROM "movies" WHERE "movies"."id" = ? LIMIT ?[0m  [["id", 1], ["LIMIT", 1]]
  ↳ app/controllers/reviews_controller.rb:22:in `new'
  Rendering layout layouts/application.html.erb
  Rendering reviews/new.html.erb within layouts/application
  Rendered reviews/_form.html.erb (Duration: 5.5ms | Allocations: 2288)
  Rendered reviews/new.html.erb within layouts/application (Duration: 6.6ms | Allocations: 2636)
  Rendered layout layouts/application.html.erb (Duration: 10.4ms | Allocations: 4837)
Completed 200 OK in 24ms (Views: 10.9ms | ActiveRecord: 0.4ms | Allocations: 10186)


Started POST "/movies/1/reviews" for 127.0.0.1 at 2022-02-28 22:40:28 +0000
Processing by ReviewsController#create as TURBO_STREAM
  Parameters: {"authenticity_token"=>"[FILTERED]", "review"=>{"details"=>"Spicy"}, "commit"=>"Create Review", "movie_id"=>"1"}
  [1m[36mMovie Load (0.1ms)[0m  [1m[34mSELECT "movies".* FROM "movies" WHERE "movies"."id" = ? LIMIT ?[0m  [["id", 1], ["LIMIT", 1]]
  ↳ app/controllers/reviews_controller.rb:29:in `create'
  [1m[36mTRANSACTION (0.1ms)[0m  [1m[36mbegin transaction[0m
  ↳ app/controllers/reviews_controller.rb:35:in `create'
  [1m[36mReview Create (1.2ms)[0m  [1m[32mINSERT INTO "reviews" ("details", "movie_id", "created_at", "updated_at") VALUES (?, ?, ?, ?)[0m  [["details", "Spicy"], ["movie_id", 1], ["created_at", "2022-02-28 22:40:28.658457"], ["updated_at", "2022-02-28 22:40:28.658457"]]
  ↳ app/controllers/reviews_controller.rb:35:in `create'
  [1m[36mTRANSACTION (0.8ms)[0m  [1m[36mcommit transaction[0m
  ↳ app/controllers/reviews_controller.rb:35:in `create'
Redirected to http://localhost:3000/movies/1/reviews/1
Completed 302 Found in 9ms (ActiveRecord: 2.2ms | Allocations: 3434)


Started GET "/movies/1/reviews/1" for 127.0.0.1 at 2022-02-28 22:40:28 +0000
Processing by ReviewsController#show as TURBO_STREAM
  Parameters: {"movie_id"=>"1", "id"=>"1"}
  [1m[36mMovie Load (0.1ms)[0m  [1m[34mSELECT "movies".* FROM "movies" WHERE "movies"."id" = ? LIMIT ?[0m  [["id", 1], ["LIMIT", 1]]
  ↳ app/controllers/reviews_controller.rb:14:in `show'
  [1m[36mReview Load (0.1ms)[0m  [1m[34mSELECT "reviews".* FROM "reviews" WHERE "reviews"."movie_id" = ? AND "reviews"."id" = ? LIMIT ?[0m  [["movie_id", 1], ["id", 1], ["LIMIT", 1]]
  ↳ app/controllers/reviews_controller.rb:17:in `show'
  Rendering layout layouts/application.html.erb
  Rendering reviews/show.html.erb within layouts/application
  Rendered reviews/show.html.erb within layouts/application (Duration: 1.1ms | Allocations: 276)
  Rendered layout layouts/application.html.erb (Duration: 5.4ms | Allocations: 2762)
Completed 200 OK in 10ms (Views: 5.9ms | ActiveRecord: 0.3ms | Allocations: 4556)


Started GET "/movies/1/reviews/1/edit" for 127.0.0.1 at 2022-02-28 22:40:31 +0000
Processing by ReviewsController#edit as HTML
  Parameters: {"movie_id"=>"1", "id"=>"1"}
  [1m[36mMovie Load (0.1ms)[0m  [1m[34mSELECT "movies".* FROM "movies" WHERE "movies"."id" = ? LIMIT ?[0m  [["id", 1], ["LIMIT", 1]]
  ↳ app/controllers/reviews_controller.rb:45:in `edit'
  [1m[36mReview Load (0.1ms)[0m  [1m[34mSELECT "reviews".* FROM "reviews" WHERE "reviews"."movie_id" = ? AND "reviews"."id" = ? LIMIT ?[0m  [["movie_id", 1], ["id", 1], ["LIMIT", 1]]
  ↳ app/controllers/reviews_controller.rb:48:in `edit'
  Rendering layout layouts/application.html.erb
  Rendering reviews/edit.html.erb within layouts/application
  Rendered reviews/_form.html.erb (Duration: 1.7ms | Allocations: 960)
  Rendered reviews/edit.html.erb within layouts/application (Duration: 3.1ms | Allocations: 1240)
  Rendered layout layouts/application.html.erb (Duration: 6.5ms | Allocations: 3333)
Completed 200 OK in 11ms (Views: 7.0ms | ActiveRecord: 0.3ms | Allocations: 4946)


Started PATCH "/movies/1/reviews/1" for 127.0.0.1 at 2022-02-28 22:40:35 +0000
Processing by ReviewsController#update as TURBO_STREAM
  Parameters: {"authenticity_token"=>"[FILTERED]", "review"=>{"details"=>"noice"}, "commit"=>"Update Review", "movie_id"=>"1", "id"=>"1"}
  [1m[36mMovie Load (0.1ms)[0m  [1m[34mSELECT "movies".* FROM "movies" WHERE "movies"."id" = ? LIMIT ?[0m  [["id", 1], ["LIMIT", 1]]
  ↳ app/controllers/reviews_controller.rb:53:in `update'
  [1m[36mReview Load (0.1ms)[0m  [1m[34mSELECT "reviews".* FROM "reviews" WHERE "reviews"."id" = ? LIMIT ?[0m  [["id", 1], ["LIMIT", 1]]
  ↳ app/controllers/reviews_controller.rb:54:in `update'
  [1m[36mTRANSACTION (0.0ms)[0m  [1m[36mbegin transaction[0m
  ↳ app/controllers/reviews_controller.rb:56:in `update'
  [1m[36mMovie Load (0.1ms)[0m  [1m[34mSELECT "movies".* FROM "movies" WHERE "movies"."id" = ? LIMIT ?[0m  [["id", 1], ["LIMIT", 1]]
  ↳ app/controllers/reviews_controller.rb:56:in `update'
  [1m[36mReview Update (0.4ms)[0m  [1m[33mUPDATE "reviews" SET "details" = ?, "updated_at" = ? WHERE "reviews"."id" = ?[0m  [["details", "noice"], ["updated_at", "2022-02-28 22:40:35.938814"], ["id", 1]]
  ↳ app/controllers/reviews_controller.rb:56:in `update'
  [1m[36mTRANSACTION (0.9ms)[0m  [1m[36mcommit transaction[0m
  ↳ app/controllers/reviews_controller.rb:56:in `update'
Redirected to http://localhost:3000/movies/1/reviews/1
Completed 302 Found in 10ms (ActiveRecord: 1.6ms | Allocations: 5829)


Started GET "/movies/1/reviews/1" for 127.0.0.1 at 2022-02-28 22:40:35 +0000
Processing by ReviewsController#show as TURBO_STREAM
  Parameters: {"movie_id"=>"1", "id"=>"1"}
  [1m[36mMovie Load (0.1ms)[0m  [1m[34mSELECT "movies".* FROM "movies" WHERE "movies"."id" = ? LIMIT ?[0m  [["id", 1], ["LIMIT", 1]]
  ↳ app/controllers/reviews_controller.rb:14:in `show'
  [1m[36mReview Load (0.1ms)[0m  [1m[34mSELECT "reviews".* FROM "reviews" WHERE "reviews"."movie_id" = ? AND "reviews"."id" = ? LIMIT ?[0m  [["movie_id", 1], ["id", 1], ["LIMIT", 1]]
  ↳ app/controllers/reviews_controller.rb:17:in `show'
  Rendering layout layouts/application.html.erb
  Rendering reviews/show.html.erb within layouts/application
  Rendered reviews/show.html.erb within layouts/application (Duration: 0.2ms | Allocations: 80)
  Rendered layout layouts/application.html.erb (Duration: 4.5ms | Allocations: 2565)
Completed 200 OK in 8ms (Views: 5.2ms | ActiveRecord: 0.2ms | Allocations: 4123)


Started GET "/movies/1/reviews" for 127.0.0.1 at 2022-02-28 22:40:37 +0000
Processing by ReviewsController#index as HTML
  Parameters: {"movie_id"=>"1"}
  [1m[36mMovie Load (0.1ms)[0m  [1m[34mSELECT "movies".* FROM "movies" WHERE "movies"."id" = ? LIMIT ?[0m  [["id", 1], ["LIMIT", 1]]
  ↳ app/controllers/reviews_controller.rb:7:in `index'
  Rendering layout layouts/application.html.erb
  Rendering reviews/index.html.erb within layouts/application
  [1m[36mReview Load (0.1ms)[0m  [1m[34mSELECT "reviews".* FROM "reviews" WHERE "reviews"."movie_id" = ?[0m  [["movie_id", 1]]
  ↳ app/views/reviews/index.html.erb:6
  Rendered reviews/index.html.erb within layouts/application (Duration: 2.2ms | Allocations: 1289)
  Rendered layout layouts/application.html.erb (Duration: 5.4ms | Allocations: 3377)
Completed 200 OK in 8ms (Views: 5.8ms | ActiveRecord: 0.2ms | Allocations: 4213)


Started GET "/movies/1/reviews/new" for 127.0.0.1 at 2022-02-28 22:40:40 +0000
Processing by ReviewsController#new as HTML
  Parameters: {"movie_id"=>"1"}
  [1m[36mMovie Load (0.1ms)[0m  [1m[34mSELECT "movies".* FROM "movies" WHERE "movies"."id" = ? LIMIT ?[0m  [["id", 1], ["LIMIT", 1]]
  ↳ app/controllers/reviews_controller.rb:22:in `new'
  Rendering layout layouts/application.html.erb
  Rendering reviews/new.html.erb within layouts/application
  Rendered reviews/_form.html.erb (Duration: 1.5ms | Allocations: 901)
  Rendered reviews/new.html.erb within layouts/application (Duration: 1.9ms | Allocations: 999)
  Rendered layout layouts/application.html.erb (Duration: 5.4ms | Allocations: 3101)
Completed 200 OK in 15ms (Views: 12.6ms | ActiveRecord: 0.1ms | Allocations: 4090)


Started POST "/movies/1/reviews" for 127.0.0.1 at 2022-02-28 22:40:44 +0000
Processing by ReviewsController#create as TURBO_STREAM
  Parameters: {"authenticity_token"=>"[FILTERED]", "review"=>{"details"=>"ok"}, "commit"=>"Create Review", "movie_id"=>"1"}
  [1m[36mMovie Load (0.1ms)[0m  [1m[34mSELECT "movies".* FROM "movies" WHERE "movies"."id" = ? LIMIT ?[0m  [["id", 1], ["LIMIT", 1]]
  ↳ app/controllers/reviews_controller.rb:29:in `create'
  [1m[36mTRANSACTION (0.1ms)[0m  [1m[36mbegin transaction[0m
  ↳ app/controllers/reviews_controller.rb:35:in `create'
  [1m[36mReview Create (0.5ms)[0m  [1m[32mINSERT INTO "reviews" ("details", "movie_id", "created_at", "updated_at") VALUES (?, ?, ?, ?)[0m  [["details", "ok"], ["movie_id", 1], ["created_at", "2022-02-28 22:40:44.383530"], ["updated_at", "2022-02-28 22:40:44.383530"]]
  ↳ app/controllers/reviews_controller.rb:35:in `create'
  [1m[36mTRANSACTION (0.8ms)[0m  [1m[36mcommit transaction[0m
  ↳ app/controllers/reviews_controller.rb:35:in `create'
Redirected to http://localhost:3000/movies/1/reviews/2
Completed 302 Found in 7ms (ActiveRecord: 1.5ms | Allocations: 3053)


Started GET "/movies/1/reviews/2" for 127.0.0.1 at 2022-02-28 22:40:44 +0000
Processing by ReviewsController#show as TURBO_STREAM
  Parameters: {"movie_id"=>"1", "id"=>"2"}
  [1m[36mMovie Load (0.1ms)[0m  [1m[34mSELECT "movies".* FROM "movies" WHERE "movies"."id" = ? LIMIT ?[0m  [["id", 1], ["LIMIT", 1]]
  ↳ app/controllers/reviews_controller.rb:14:in `show'
  [1m[36mReview Load (0.1ms)[0m  [1m[34mSELECT "reviews".* FROM "reviews" WHERE "reviews"."movie_id" = ? AND "reviews"."id" = ? LIMIT ?[0m  [["movie_id", 1], ["id", 2], ["LIMIT", 1]]
  ↳ app/controllers/reviews_controller.rb:17:in `show'
  Rendering layout layouts/application.html.erb
  Rendering reviews/show.html.erb within layouts/application
  Rendered reviews/show.html.erb within layouts/application (Duration: 0.4ms | Allocations: 80)
  Rendered layout layouts/application.html.erb (Duration: 4.2ms | Allocations: 2550)
Completed 200 OK in 8ms (Views: 4.8ms | ActiveRecord: 0.2ms | Allocations: 4108)


Started GET "/movies/1/reviews" for 127.0.0.1 at 2022-02-28 22:40:47 +0000
Processing by ReviewsController#index as HTML
  Parameters: {"movie_id"=>"1"}
  [1m[36mMovie Load (0.1ms)[0m  [1m[34mSELECT "movies".* FROM "movies" WHERE "movies"."id" = ? LIMIT ?[0m  [["id", 1], ["LIMIT", 1]]
  ↳ app/controllers/reviews_controller.rb:7:in `index'
  Rendering layout layouts/application.html.erb
  Rendering reviews/index.html.erb within layouts/application
  [1m[36mReview Load (0.1ms)[0m  [1m[34mSELECT "reviews".* FROM "reviews" WHERE "reviews"."movie_id" = ?[0m  [["movie_id", 1]]
  ↳ app/views/reviews/index.html.erb:6
  Rendered reviews/index.html.erb within layouts/application (Duration: 2.6ms | Allocations: 1447)
  Rendered layout layouts/application.html.erb (Duration: 6.2ms | Allocations: 3535)
Completed 200 OK in 8ms (Views: 6.6ms | ActiveRecord: 0.2ms | Allocations: 4370)


Started GET "/movies/1/reviews/1" for 127.0.0.1 at 2022-02-28 22:40:50 +0000
Processing by ReviewsController#show as HTML
  Parameters: {"movie_id"=>"1", "id"=>"1"}
  [1m[36mMovie Load (0.1ms)[0m  [1m[34mSELECT "movies".* FROM "movies" WHERE "movies"."id" = ? LIMIT ?[0m  [["id", 1], ["LIMIT", 1]]
  ↳ app/controllers/reviews_controller.rb:14:in `show'
  [1m[36mReview Load (0.1ms)[0m  [1m[34mSELECT "reviews".* FROM "reviews" WHERE "reviews"."movie_id" = ? AND "reviews"."id" = ? LIMIT ?[0m  [["movie_id", 1], ["id", 1], ["LIMIT", 1]]
  ↳ app/controllers/reviews_controller.rb:17:in `show'
  Rendering layout layouts/application.html.erb
  Rendering reviews/show.html.erb within layouts/application
  Rendered reviews/show.html.erb within layouts/application (Duration: 0.4ms | Allocations: 80)
  Rendered layout layouts/application.html.erb (Duration: 4.4ms | Allocations: 2556)
Completed 200 OK in 9ms (Views: 5.0ms | ActiveRecord: 0.2ms | Allocations: 4111)


Started GET "/movies/1/reviews" for 127.0.0.1 at 2022-02-28 22:40:51 +0000
Processing by ReviewsController#index as HTML
  Parameters: {"movie_id"=>"1"}
  [1m[36mMovie Load (0.1ms)[0m  [1m[34mSELECT "movies".* FROM "movies" WHERE "movies"."id" = ? LIMIT ?[0m  [["id", 1], ["LIMIT", 1]]
  ↳ app/controllers/reviews_controller.rb:7:in `index'
  Rendering layout layouts/application.html.erb
  Rendering reviews/index.html.erb within layouts/application
  [1m[36mReview Load (0.1ms)[0m  [1m[34mSELECT "reviews".* FROM "reviews" WHERE "reviews"."movie_id" = ?[0m  [["movie_id", 1]]
  ↳ app/views/reviews/index.html.erb:6
  Rendered reviews/index.html.erb within layouts/application (Duration: 3.0ms | Allocations: 1465)
  Rendered layout layouts/application.html.erb (Duration: 6.4ms | Allocations: 3553)
Completed 200 OK in 9ms (Views: 6.9ms | ActiveRecord: 0.2ms | Allocations: 4388)


Started GET "/movies/1" for 127.0.0.1 at 2022-02-28 22:40:57 +0000
Processing by MoviesController#show as HTML
  Parameters: {"id"=>"1"}
  [1m[36mMovie Load (0.1ms)[0m  [1m[34mSELECT "movies".* FROM "movies" WHERE "movies"."id" = ? LIMIT ?[0m  [["id", 1], ["LIMIT", 1]]
  ↳ app/controllers/movies_controller.rb:63:in `set_movie'
  Rendering layout layouts/application.html.erb
  Rendering movies/show.html.erb within layouts/application
  [1m[36mReview Load (0.1ms)[0m  [1m[34mSELECT "reviews".* FROM "reviews" WHERE "reviews"."movie_id" = ?[0m  [["movie_id", 1]]
  ↳ app/views/movies/show.html.erb:16
  Rendered movies/show.html.erb within layouts/application (Duration: 2.6ms | Allocations: 1605)
  Rendered layout layouts/application.html.erb (Duration: 6.2ms | Allocations: 3881)
Completed 200 OK in 9ms (Views: 7.3ms | ActiveRecord: 0.2ms | Allocations: 5391)


Started GET "/movies" for 127.0.0.1 at 2022-02-28 22:41:04 +0000
Processing by MoviesController#index as HTML
  Rendering layout layouts/application.html.erb
  Rendering movies/index.html.erb within layouts/application
  [1m[36mMovie Load (0.2ms)[0m  [1m[34mSELECT "movies".* FROM "movies"[0m
  ↳ app/views/movies/index.html.erb:6
  Rendered movies/_movie.html.erb (Duration: 1.0ms | Allocations: 288)
  Rendered movies/index.html.erb within layouts/application (Duration: 6.1ms | Allocations: 1916)
  Rendered layout layouts/application.html.erb (Duration: 9.4ms | Allocations: 4144)
Completed 200 OK in 11ms (Views: 9.8ms | ActiveRecord: 0.2ms | Allocations: 4528)


Started GET "/movies/new" for 127.0.0.1 at 2022-02-28 22:41:06 +0000
Processing by MoviesController#new as HTML
  Rendering layout layouts/application.html.erb
  Rendering movies/new.html.erb within layouts/application
  Rendered movies/_form.html.erb (Duration: 1.9ms | Allocations: 1433)
  Rendered movies/new.html.erb within layouts/application (Duration: 2.2ms | Allocations: 1533)
  Rendered layout layouts/application.html.erb (Duration: 5.7ms | Allocations: 3636)
Completed 200 OK in 7ms (Views: 6.2ms | ActiveRecord: 0.0ms | Allocations: 4029)


Started POST "/movies" for 127.0.0.1 at 2022-02-28 22:41:32 +0000
Processing by MoviesController#create as TURBO_STREAM
  Parameters: {"authenticity_token"=>"[FILTERED]", "movie"=>{"title"=>"Tenet", "rating"=>"3 stars", "release"=>"2021"}, "commit"=>"Create Movie"}
  [1m[36mTRANSACTION (0.1ms)[0m  [1m[36mbegin transaction[0m
  ↳ app/controllers/movies_controller.rb:27:in `block in create'
  [1m[36mMovie Create (0.4ms)[0m  [1m[32mINSERT INTO "movies" ("title", "rating", "release", "created_at", "updated_at") VALUES (?, ?, ?, ?, ?)[0m  [["title", "Tenet"], ["rating", "3 stars"], ["release", "2021"], ["created_at", "2022-02-28 22:41:32.279735"], ["updated_at", "2022-02-28 22:41:32.279735"]]
  ↳ app/controllers/movies_controller.rb:27:in `block in create'
  [1m[36mTRANSACTION (0.9ms)[0m  [1m[36mcommit transaction[0m
  ↳ app/controllers/movies_controller.rb:27:in `block in create'
Redirected to http://localhost:3000/movies/2
Completed 302 Found in 6ms (ActiveRecord: 1.4ms | Allocations: 2881)


Started GET "/movies/2" for 127.0.0.1 at 2022-02-28 22:41:32 +0000
Processing by MoviesController#show as TURBO_STREAM
  Parameters: {"id"=>"2"}
  [1m[36mMovie Load (0.1ms)[0m  [1m[34mSELECT "movies".* FROM "movies" WHERE "movies"."id" = ? LIMIT ?[0m  [["id", 2], ["LIMIT", 1]]
  ↳ app/controllers/movies_controller.rb:63:in `set_movie'
  Rendering layout layouts/application.html.erb
  Rendering movies/show.html.erb within layouts/application
  [1m[36mReview Load (0.1ms)[0m  [1m[34mSELECT "reviews".* FROM "reviews" WHERE "reviews"."movie_id" = ?[0m  [["movie_id", 2]]
  ↳ app/views/movies/show.html.erb:16
  Rendered movies/show.html.erb within layouts/application (Duration: 2.5ms | Allocations: 1363)
  Rendered layout layouts/application.html.erb (Duration: 5.7ms | Allocations: 3451)
Completed 200 OK in 8ms (Views: 6.1ms | ActiveRecord: 0.2ms | Allocations: 4282)


Started GET "/movies/2/reviews" for 127.0.0.1 at 2022-02-28 22:41:35 +0000
Processing by ReviewsController#index as HTML
  Parameters: {"movie_id"=>"2"}
  [1m[36mMovie Load (0.1ms)[0m  [1m[34mSELECT "movies".* FROM "movies" WHERE "movies"."id" = ? LIMIT ?[0m  [["id", 2], ["LIMIT", 1]]
  ↳ app/controllers/reviews_controller.rb:7:in `index'
  Rendering layout layouts/application.html.erb
  Rendering reviews/index.html.erb within layouts/application
  [1m[36mReview Load (0.1ms)[0m  [1m[34mSELECT "reviews".* FROM "reviews" WHERE "reviews"."movie_id" = ?[0m  [["movie_id", 2]]
  ↳ app/views/reviews/index.html.erb:6
  Rendered reviews/index.html.erb within layouts/application (Duration: 1.3ms | Allocations: 697)
  Rendered layout layouts/application.html.erb (Duration: 4.6ms | Allocations: 3158)
Completed 200 OK in 7ms (Views: 5.0ms | ActiveRecord: 0.2ms | Allocations: 3995)


Started GET "/movies/2" for 127.0.0.1 at 2022-02-28 22:41:37 +0000
Processing by MoviesController#show as HTML
  Parameters: {"id"=>"2"}
  [1m[36mMovie Load (0.1ms)[0m  [1m[34mSELECT "movies".* FROM "movies" WHERE "movies"."id" = ? LIMIT ?[0m  [["id", 2], ["LIMIT", 1]]
  ↳ app/controllers/movies_controller.rb:63:in `set_movie'
  Rendering layout layouts/application.html.erb
  Rendering movies/show.html.erb within layouts/application
  [1m[36mReview Load (0.2ms)[0m  [1m[34mSELECT "reviews".* FROM "reviews" WHERE "reviews"."movie_id" = ?[0m  [["movie_id", 2]]
  ↳ app/views/movies/show.html.erb:16
  Rendered movies/show.html.erb within layouts/application (Duration: 3.3ms | Allocations: 1257)
  Rendered layout layouts/application.html.erb (Duration: 6.6ms | Allocations: 3345)
Completed 200 OK in 10ms (Views: 7.3ms | ActiveRecord: 0.3ms | Allocations: 4157)


Started GET "/movies" for 127.0.0.1 at 2022-02-28 22:41:39 +0000
Processing by MoviesController#index as HTML
  Rendering layout layouts/application.html.erb
  Rendering movies/index.html.erb within layouts/application
  [1m[36mMovie Load (0.1ms)[0m  [1m[34mSELECT "movies".* FROM "movies"[0m
  ↳ app/views/movies/index.html.erb:6
  Rendered movies/_movie.html.erb (Duration: 0.1ms | Allocations: 25)
  Rendered movies/_movie.html.erb (Duration: 0.1ms | Allocations: 24)
  Rendered movies/index.html.erb within layouts/application (Duration: 2.3ms | Allocations: 1253)
  Rendered layout layouts/application.html.erb (Duration: 5.6ms | Allocations: 3367)
Completed 200 OK in 7ms (Views: 6.1ms | ActiveRecord: 0.1ms | Allocations: 3709)


Started GET "/movies/1" for 127.0.0.1 at 2022-02-28 22:41:42 +0000
Processing by MoviesController#show as HTML
  Parameters: {"id"=>"1"}
  [1m[36mMovie Load (0.1ms)[0m  [1m[34mSELECT "movies".* FROM "movies" WHERE "movies"."id" = ? LIMIT ?[0m  [["id", 1], ["LIMIT", 1]]
  ↳ app/controllers/movies_controller.rb:63:in `set_movie'
  Rendering layout layouts/application.html.erb
  Rendering movies/show.html.erb within layouts/application
  [1m[36mReview Load (0.2ms)[0m  [1m[34mSELECT "reviews".* FROM "reviews" WHERE "reviews"."movie_id" = ?[0m  [["movie_id", 1]]
  ↳ app/views/movies/show.html.erb:16
  Rendered movies/show.html.erb within layouts/application (Duration: 3.0ms | Allocations: 1311)
  Rendered layout layouts/application.html.erb (Duration: 6.1ms | Allocations: 3399)
Completed 200 OK in 8ms (Views: 6.5ms | ActiveRecord: 0.3ms | Allocations: 4211)


Started GET "/movies/1/reviews" for 127.0.0.1 at 2022-02-28 22:41:44 +0000
Processing by ReviewsController#index as HTML
  Parameters: {"movie_id"=>"1"}
  [1m[36mMovie Load (0.1ms)[0m  [1m[34mSELECT "movies".* FROM "movies" WHERE "movies"."id" = ? LIMIT ?[0m  [["id", 1], ["LIMIT", 1]]
  ↳ app/controllers/reviews_controller.rb:7:in `index'
  Rendering layout layouts/application.html.erb
  Rendering reviews/index.html.erb within layouts/application
  [1m[36mReview Load (0.1ms)[0m  [1m[34mSELECT "reviews".* FROM "reviews" WHERE "reviews"."movie_id" = ?[0m  [["movie_id", 1]]
  ↳ app/views/reviews/index.html.erb:6
  Rendered reviews/index.html.erb within layouts/application (Duration: 2.8ms | Allocations: 1462)
  Rendered layout layouts/application.html.erb (Duration: 5.9ms | Allocations: 3550)
Completed 200 OK in 8ms (Views: 6.3ms | ActiveRecord: 0.2ms | Allocations: 4385)


Started DELETE "/movies/1/reviews/1" for 127.0.0.1 at 2022-02-28 22:41:45 +0000
Processing by ReviewsController#destroy as TURBO_STREAM
  Parameters: {"authenticity_token"=>"[FILTERED]", "movie_id"=>"1", "id"=>"1"}
  [1m[36mMovie Load (0.1ms)[0m  [1m[34mSELECT "movies".* FROM "movies" WHERE "movies"."id" = ? LIMIT ?[0m  [["id", 1], ["LIMIT", 1]]
  ↳ app/controllers/reviews_controller.rb:66:in `destroy'
  [1m[36mReview Load (0.1ms)[0m  [1m[34mSELECT "reviews".* FROM "reviews" WHERE "reviews"."id" = ? LIMIT ?[0m  [["id", 1], ["LIMIT", 1]]
  ↳ app/controllers/reviews_controller.rb:67:in `destroy'
  [1m[36mTRANSACTION (0.1ms)[0m  [1m[36mbegin transaction[0m
  ↳ app/controllers/reviews_controller.rb:68:in `destroy'
  [1m[36mReview Destroy (0.4ms)[0m  [1m[31mDELETE FROM "reviews" WHERE "reviews"."id" = ?[0m  [["id", 1]]
  ↳ app/controllers/reviews_controller.rb:68:in `destroy'
  [1m[36mTRANSACTION (1.0ms)[0m  [1m[36mcommit transaction[0m
  ↳ app/controllers/reviews_controller.rb:68:in `destroy'
Redirected to http://localhost:3000/movies/1/reviews
Completed 302 Found in 8ms (ActiveRecord: 1.7ms | Allocations: 3133)


Started GET "/movies/1/reviews" for 127.0.0.1 at 2022-02-28 22:41:45 +0000
Processing by ReviewsController#index as TURBO_STREAM
  Parameters: {"movie_id"=>"1"}
  [1m[36mMovie Load (0.1ms)[0m  [1m[34mSELECT "movies".* FROM "movies" WHERE "movies"."id" = ? LIMIT ?[0m  [["id", 1], ["LIMIT", 1]]
  ↳ app/controllers/reviews_controller.rb:7:in `index'
  Rendering layout layouts/application.html.erb
  Rendering reviews/index.html.erb within layouts/application
  [1m[36mReview Load (0.1ms)[0m  [1m[34mSELECT "reviews".* FROM "reviews" WHERE "reviews"."movie_id" = ?[0m  [["movie_id", 1]]
  ↳ app/views/reviews/index.html.erb:6
  Rendered reviews/index.html.erb within layouts/application (Duration: 6.6ms | Allocations: 1264)
  Rendered layout layouts/application.html.erb (Duration: 10.6ms | Allocations: 3366)
Completed 200 OK in 13ms (Views: 11.0ms | ActiveRecord: 0.2ms | Allocations: 4205)


Started GET "/movies/1/reviews" for 127.0.0.1 at 2022-02-28 22:42:10 +0000
Processing by ReviewsController#index as HTML
  Parameters: {"movie_id"=>"1"}
  [1m[36mMovie Load (0.1ms)[0m  [1m[34mSELECT "movies".* FROM "movies" WHERE "movies"."id" = ? LIMIT ?[0m  [["id", 1], ["LIMIT", 1]]
  ↳ app/controllers/reviews_controller.rb:7:in `index'
  Rendering layout layouts/application.html.erb
  Rendering reviews/index.html.erb within layouts/application
  [1m[36mReview Load (0.1ms)[0m  [1m[34mSELECT "reviews".* FROM "reviews" WHERE "reviews"."movie_id" = ?[0m  [["movie_id", 1]]
  ↳ app/views/reviews/index.html.erb:6
  Rendered reviews/index.html.erb within layouts/application (Duration: 4.1ms | Allocations: 1861)
  Rendered layout layouts/application.html.erb (Duration: 8.7ms | Allocations: 4349)
Completed 200 OK in 13ms (Views: 10.5ms | ActiveRecord: 0.2ms | Allocations: 6002)


Started GET "/movies/1/reviews/new" for 127.0.0.1 at 2022-02-28 22:42:13 +0000
Processing by ReviewsController#new as HTML
  Parameters: {"movie_id"=>"1"}
  [1m[36mMovie Load (0.1ms)[0m  [1m[34mSELECT "movies".* FROM "movies" WHERE "movies"."id" = ? LIMIT ?[0m  [["id", 1], ["LIMIT", 1]]
  ↳ app/controllers/reviews_controller.rb:22:in `new'
  Rendering layout layouts/application.html.erb
  Rendering reviews/new.html.erb within layouts/application
  Rendered reviews/_form.html.erb (Duration: 2.2ms | Allocations: 1327)
  Rendered reviews/new.html.erb within layouts/application (Duration: 3.4ms | Allocations: 1624)
  Rendered layout layouts/application.html.erb (Duration: 6.8ms | Allocations: 3712)
Completed 200 OK in 10ms (Views: 7.4ms | ActiveRecord: 0.1ms | Allocations: 4800)


Started POST "/movies/1/reviews" for 127.0.0.1 at 2022-02-28 22:42:19 +0000
Processing by ReviewsController#create as TURBO_STREAM
  Parameters: {"authenticity_token"=>"[FILTERED]", "review"=>{"details"=>"Yuppidy"}, "commit"=>"Create Review", "movie_id"=>"1"}
  [1m[36mMovie Load (0.1ms)[0m  [1m[34mSELECT "movies".* FROM "movies" WHERE "movies"."id" = ? LIMIT ?[0m  [["id", 1], ["LIMIT", 1]]
  ↳ app/controllers/reviews_controller.rb:29:in `create'
  [1m[36mTRANSACTION (0.1ms)[0m  [1m[36mbegin transaction[0m
  ↳ app/controllers/reviews_controller.rb:35:in `create'
  [1m[36mReview Create (0.5ms)[0m  [1m[32mINSERT INTO "reviews" ("details", "movie_id", "created_at", "updated_at") VALUES (?, ?, ?, ?)[0m  [["details", "Yuppidy"], ["movie_id", 1], ["created_at", "2022-02-28 22:42:19.849977"], ["updated_at", "2022-02-28 22:42:19.849977"]]
  ↳ app/controllers/reviews_controller.rb:35:in `create'
  [1m[36mTRANSACTION (1.0ms)[0m  [1m[36mcommit transaction[0m
  ↳ app/controllers/reviews_controller.rb:35:in `create'
Redirected to http://localhost:3000/movies/1/reviews/3
Completed 302 Found in 9ms (ActiveRecord: 1.7ms | Allocations: 3148)


Started GET "/movies/1/reviews/3" for 127.0.0.1 at 2022-02-28 22:42:19 +0000
Processing by ReviewsController#show as TURBO_STREAM
  Parameters: {"movie_id"=>"1", "id"=>"3"}
  [1m[36mMovie Load (0.1ms)[0m  [1m[34mSELECT "movies".* FROM "movies" WHERE "movies"."id" = ? LIMIT ?[0m  [["id", 1], ["LIMIT", 1]]
  ↳ app/controllers/reviews_controller.rb:14:in `show'
  [1m[36mReview Load (0.1ms)[0m  [1m[34mSELECT "reviews".* FROM "reviews" WHERE "reviews"."movie_id" = ? AND "reviews"."id" = ? LIMIT ?[0m  [["movie_id", 1], ["id", 3], ["LIMIT", 1]]
  ↳ app/controllers/reviews_controller.rb:17:in `show'
  Rendering layout layouts/application.html.erb
  Rendering reviews/show.html.erb within layouts/application
  Rendered reviews/show.html.erb within layouts/application (Duration: 0.8ms | Allocations: 249)
  Rendered layout layouts/application.html.erb (Duration: 4.1ms | Allocations: 2734)
Completed 200 OK in 8ms (Views: 4.6ms | ActiveRecord: 0.2ms | Allocations: 4423)


Started GET "/movies/1/reviews" for 127.0.0.1 at 2022-02-28 22:42:22 +0000
Processing by ReviewsController#index as HTML
  Parameters: {"movie_id"=>"1"}
  [1m[36mMovie Load (0.1ms)[0m  [1m[34mSELECT "movies".* FROM "movies" WHERE "movies"."id" = ? LIMIT ?[0m  [["id", 1], ["LIMIT", 1]]
  ↳ app/controllers/reviews_controller.rb:7:in `index'
  Rendering layout layouts/application.html.erb
  Rendering reviews/index.html.erb within layouts/application
  [1m[36mReview Load (0.1ms)[0m  [1m[34mSELECT "reviews".* FROM "reviews" WHERE "reviews"."movie_id" = ?[0m  [["movie_id", 1]]
  ↳ app/views/reviews/index.html.erb:6
  Rendered reviews/index.html.erb within layouts/application (Duration: 3.0ms | Allocations: 1465)
  Rendered layout layouts/application.html.erb (Duration: 6.0ms | Allocations: 3553)
Completed 200 OK in 9ms (Views: 6.4ms | ActiveRecord: 0.3ms | Allocations: 4389)


Started DELETE "/movies/1/reviews/3" for 127.0.0.1 at 2022-02-28 22:42:24 +0000
Processing by ReviewsController#destroy as TURBO_STREAM
  Parameters: {"authenticity_token"=>"[FILTERED]", "movie_id"=>"1", "id"=>"3"}
  [1m[36mMovie Load (0.1ms)[0m  [1m[34mSELECT "movies".* FROM "movies" WHERE "movies"."id" = ? LIMIT ?[0m  [["id", 1], ["LIMIT", 1]]
  ↳ app/controllers/reviews_controller.rb:66:in `destroy'
  [1m[36mReview Load (0.1ms)[0m  [1m[34mSELECT "reviews".* FROM "reviews" WHERE "reviews"."id" = ? LIMIT ?[0m  [["id", 3], ["LIMIT", 1]]
  ↳ app/controllers/reviews_controller.rb:67:in `destroy'
  [1m[36mTRANSACTION (0.2ms)[0m  [1m[36mbegin transaction[0m
  ↳ app/controllers/reviews_controller.rb:68:in `destroy'
  [1m[36mReview Destroy (0.4ms)[0m  [1m[31mDELETE FROM "reviews" WHERE "reviews"."id" = ?[0m  [["id", 3]]
  ↳ app/controllers/reviews_controller.rb:68:in `destroy'
  [1m[36mTRANSACTION (0.9ms)[0m  [1m[36mcommit transaction[0m
  ↳ app/controllers/reviews_controller.rb:68:in `destroy'
Redirected to http://localhost:3000/movies/1/reviews
Completed 302 Found in 7ms (ActiveRecord: 1.6ms | Allocations: 3055)


Started GET "/movies/1/reviews" for 127.0.0.1 at 2022-02-28 22:42:24 +0000
Processing by ReviewsController#index as TURBO_STREAM
  Parameters: {"movie_id"=>"1"}
  [1m[36mMovie Load (0.2ms)[0m  [1m[34mSELECT "movies".* FROM "movies" WHERE "movies"."id" = ? LIMIT ?[0m  [["id", 1], ["LIMIT", 1]]
  ↳ app/controllers/reviews_controller.rb:7:in `index'
  Rendering layout layouts/application.html.erb
  Rendering reviews/index.html.erb within layouts/application
  [1m[36mReview Load (0.1ms)[0m  [1m[34mSELECT "reviews".* FROM "reviews" WHERE "reviews"."movie_id" = ?[0m  [["movie_id", 1]]
  ↳ app/views/reviews/index.html.erb:6
  Rendered reviews/index.html.erb within layouts/application (Duration: 3.5ms | Allocations: 1267)
  Rendered layout layouts/application.html.erb (Duration: 7.0ms | Allocations: 3363)
Completed 200 OK in 10ms (Views: 7.8ms | ActiveRecord: 0.3ms | Allocations: 4201)


Started GET "/movies/1" for 127.0.0.1 at 2022-02-28 22:42:26 +0000
Processing by MoviesController#show as HTML
  Parameters: {"id"=>"1"}
  [1m[36mMovie Load (0.1ms)[0m  [1m[34mSELECT "movies".* FROM "movies" WHERE "movies"."id" = ? LIMIT ?[0m  [["id", 1], ["LIMIT", 1]]
  ↳ app/controllers/movies_controller.rb:63:in `set_movie'
  Rendering layout layouts/application.html.erb
  Rendering movies/show.html.erb within layouts/application
  [1m[36mReview Load (0.1ms)[0m  [1m[34mSELECT "reviews".* FROM "reviews" WHERE "reviews"."movie_id" = ?[0m  [["movie_id", 1]]
  ↳ app/views/movies/show.html.erb:16
  Rendered movies/show.html.erb within layouts/application (Duration: 3.2ms | Allocations: 1921)
  Rendered layout layouts/application.html.erb (Duration: 7.0ms | Allocations: 4195)
Completed 200 OK in 11ms (Views: 8.8ms | ActiveRecord: 0.2ms | Allocations: 5648)


Started DELETE "/movies/1" for 127.0.0.1 at 2022-02-28 22:42:28 +0000
Processing by MoviesController#destroy as TURBO_STREAM
  Parameters: {"authenticity_token"=>"[FILTERED]", "id"=>"1"}
  [1m[36mMovie Load (0.1ms)[0m  [1m[34mSELECT "movies".* FROM "movies" WHERE "movies"."id" = ? LIMIT ?[0m  [["id", 1], ["LIMIT", 1]]
  ↳ app/controllers/movies_controller.rb:63:in `set_movie'
  [1m[36mTRANSACTION (0.1ms)[0m  [1m[36mbegin transaction[0m
  ↳ app/controllers/movies_controller.rb:52:in `destroy'
  [1m[36mReview Load (0.1ms)[0m  [1m[34mSELECT "reviews".* FROM "reviews" WHERE "reviews"."movie_id" = ?[0m  [["movie_id", 1]]
  ↳ app/controllers/movies_controller.rb:52:in `destroy'
  [1m[36mReview Destroy (0.4ms)[0m  [1m[31mDELETE FROM "reviews" WHERE "reviews"."id" = ?[0m  [["id", 2]]
  ↳ app/controllers/movies_controller.rb:52:in `destroy'
  [1m[36mMovie Destroy (0.2ms)[0m  [1m[31mDELETE FROM "movies" WHERE "movies"."id" = ?[0m  [["id", 1]]
  ↳ app/controllers/movies_controller.rb:52:in `destroy'
  [1m[36mTRANSACTION (1.2ms)[0m  [1m[36mcommit transaction[0m
  ↳ app/controllers/movies_controller.rb:52:in `destroy'
Redirected to http://localhost:3000/movies
Completed 302 Found in 10ms (ActiveRecord: 2.0ms | Allocations: 4382)


Started GET "/movies" for 127.0.0.1 at 2022-02-28 22:42:28 +0000
Processing by MoviesController#index as TURBO_STREAM
  Rendering layout layouts/application.html.erb
  Rendering movies/index.html.erb within layouts/application
  [1m[36mMovie Load (0.1ms)[0m  [1m[34mSELECT "movies".* FROM "movies"[0m
  ↳ app/views/movies/index.html.erb:6
  Rendered movies/_movie.html.erb (Duration: 0.6ms | Allocations: 226)
  Rendered movies/index.html.erb within layouts/application (Duration: 4.0ms | Allocations: 1751)
  Rendered layout layouts/application.html.erb (Duration: 7.1ms | Allocations: 3860)
Completed 200 OK in 9ms (Views: 7.4ms | ActiveRecord: 0.1ms | Allocations: 4316)


Started GET "/movies/2" for 127.0.0.1 at 2022-02-28 22:42:30 +0000
Processing by MoviesController#show as HTML
  Parameters: {"id"=>"2"}
  [1m[36mMovie Load (0.3ms)[0m  [1m[34mSELECT "movies".* FROM "movies" WHERE "movies"."id" = ? LIMIT ?[0m  [["id", 2], ["LIMIT", 1]]
  ↳ app/controllers/movies_controller.rb:63:in `set_movie'
  Rendering layout layouts/application.html.erb
  Rendering movies/show.html.erb within layouts/application
  [1m[36mReview Load (0.1ms)[0m  [1m[34mSELECT "reviews".* FROM "reviews" WHERE "reviews"."movie_id" = ?[0m  [["movie_id", 2]]
  ↳ app/views/movies/show.html.erb:16
  Rendered movies/show.html.erb within layouts/application (Duration: 2.0ms | Allocations: 1284)
  Rendered layout layouts/application.html.erb (Duration: 5.1ms | Allocations: 3372)
Completed 200 OK in 8ms (Views: 5.6ms | ActiveRecord: 0.4ms | Allocations: 4184)


Started GET "/movies" for 127.0.0.1 at 2022-02-28 22:42:32 +0000
Processing by MoviesController#index as HTML
  Rendering layout layouts/application.html.erb
  Rendering movies/index.html.erb within layouts/application
  [1m[36mMovie Load (0.1ms)[0m  [1m[34mSELECT "movies".* FROM "movies"[0m
  ↳ app/views/movies/index.html.erb:6
  Rendered movies/_movie.html.erb (Duration: 0.1ms | Allocations: 25)
  Rendered movies/index.html.erb within layouts/application (Duration: 2.0ms | Allocations: 1116)
  Rendered layout layouts/application.html.erb (Duration: 5.4ms | Allocations: 3230)
Completed 200 OK in 7ms (Views: 5.8ms | ActiveRecord: 0.1ms | Allocations: 3572)


