  [1m[35m (1.6ms)[0m  [1m[34mSELECT sqlite_version(*)[0m
  [1m[35m (1.9ms)[0m  [1m[35mCREATE TABLE "schema_migrations" ("version" varchar NOT NULL PRIMARY KEY)[0m
  [1m[35m (1.0ms)[0m  [1m[35mCREATE TABLE "ar_internal_metadata" ("key" varchar NOT NULL PRIMARY KEY, "value" varchar, "created_at" datetime(6) NOT NULL, "updated_at" datetime(6) NOT NULL)[0m
  [1m[36mActiveRecord::SchemaMigration Pluck (0.1ms)[0m  [1m[34mSELECT "schema_migrations"."version" FROM "schema_migrations" ORDER BY "schema_migrations"."version" ASC[0m
Migrating to CreateTodos (20220227175903)
  [1m[36mTRANSACTION (0.0ms)[0m  [1m[36mbegin transaction[0m
  [1m[35m (0.4ms)[0m  [1m[35mCREATE TABLE "todos" ("id" integer PRIMARY KEY AUTOINCREMENT NOT NULL, "title" varchar, "completed" boolean, "created_at" datetime(6) NOT NULL, "updated_at" datetime(6) NOT NULL)[0m
  [1m[36mActiveRecord::SchemaMigration Create (0.2ms)[0m  [1m[32mINSERT INTO "schema_migrations" ("version") VALUES (?)[0m  [["version", "20220227175903"]]
  [1m[36mTRANSACTION (0.7ms)[0m  [1m[36mcommit transaction[0m
  [1m[36mActiveRecord::InternalMetadata Load (0.1ms)[0m  [1m[34mSELECT "ar_internal_metadata".* FROM "ar_internal_metadata" WHERE "ar_internal_metadata"."key" = ? LIMIT ?[0m  [["key", "environment"], ["LIMIT", 1]]
  [1m[36mTRANSACTION (0.0ms)[0m  [1m[36mbegin transaction[0m
  [1m[36mActiveRecord::InternalMetadata Create (0.3ms)[0m  [1m[32mINSERT INTO "ar_internal_metadata" ("key", "value", "created_at", "updated_at") VALUES (?, ?, ?, ?)[0m  [["key", "environment"], ["value", "development"], ["created_at", "2022-02-27 17:59:39.824101"], ["updated_at", "2022-02-27 17:59:39.824101"]]
  [1m[36mTRANSACTION (0.8ms)[0m  [1m[36mcommit transaction[0m
  [1m[35m (0.1ms)[0m  [1m[34mSELECT sqlite_version(*)[0m
  [1m[36mActiveRecord::SchemaMigration Pluck (0.1ms)[0m  [1m[34mSELECT "schema_migrations"."version" FROM "schema_migrations" ORDER BY "schema_migrations"."version" ASC[0m
Started GET "/hidden_light_switch" for 127.0.0.1 at 2022-02-27 18:00:07 +0000
  [1m[35m (0.8ms)[0m  [1m[34mSELECT sqlite_version(*)[0m
  [1m[36mActiveRecord::SchemaMigration Pluck (0.1ms)[0m  [1m[34mSELECT "schema_migrations"."version" FROM "schema_migrations" ORDER BY "schema_migrations"."version" ASC[0m
  
ActionController::RoutingError (No route matches [GET] "/hidden_light_switch"):
  
Started GET "/" for 127.0.0.1 at 2022-02-27 18:00:20 +0000
Processing by Rails::WelcomeController#index as HTML
  Rendering /Users/rduffy/.rbenv/versions/3.0.3/lib/ruby/gems/3.0.0/gems/railties-7.0.2.2/lib/rails/templates/rails/welcome/index.html.erb
  Rendered /Users/rduffy/.rbenv/versions/3.0.3/lib/ruby/gems/3.0.0/gems/railties-7.0.2.2/lib/rails/templates/rails/welcome/index.html.erb (Duration: 0.8ms | Allocations: 417)
Completed 200 OK in 9ms (Views: 2.0ms | ActiveRecord: 0.0ms | Allocations: 4527)


Started GET "/todos" for 127.0.0.1 at 2022-02-27 18:00:31 +0000
Processing by TodosController#index as HTML
  Rendering layout layouts/application.html.erb
  Rendering todos/index.html.erb within layouts/application
  [1m[36mTodo Load (0.2ms)[0m  [1m[34mSELECT "todos".* FROM "todos"[0m
  ↳ app/views/todos/index.html.erb:6
  Rendered todos/index.html.erb within layouts/application (Duration: 2.8ms | Allocations: 1336)
  Rendered layout layouts/application.html.erb (Duration: 262.0ms | Allocations: 95488)
Completed 200 OK in 269ms (Views: 264.0ms | ActiveRecord: 0.2ms | Allocations: 97649)


Started GET "/todos/new" for 127.0.0.1 at 2022-02-27 18:00:43 +0000
Processing by TodosController#new as HTML
  Rendering layout layouts/application.html.erb
  Rendering todos/new.html.erb within layouts/application
  Rendered todos/_form.html.erb (Duration: 22.0ms | Allocations: 5310)
  Rendered todos/new.html.erb within layouts/application (Duration: 23.0ms | Allocations: 5680)
  Rendered layout layouts/application.html.erb (Duration: 27.2ms | Allocations: 7894)
Completed 200 OK in 42ms (Views: 27.8ms | ActiveRecord: 0.6ms | Allocations: 16236)


Started POST "/todos" for 127.0.0.1 at 2022-02-27 18:00:57 +0000
Processing by TodosController#create as TURBO_STREAM
  Parameters: {"authenticity_token"=>"[FILTERED]", "todo"=>{"title"=>"Bring out the bins", "completed"=>"0"}, "commit"=>"Create Todo"}
  [1m[36mTRANSACTION (0.1ms)[0m  [1m[36mbegin transaction[0m
  ↳ app/controllers/todos_controller.rb:27:in `block in create'
  [1m[36mTodo Create (0.7ms)[0m  [1m[32mINSERT INTO "todos" ("title", "completed", "created_at", "updated_at") VALUES (?, ?, ?, ?)[0m  [["title", "Bring out the bins"], ["completed", 0], ["created_at", "2022-02-27 18:00:57.673854"], ["updated_at", "2022-02-27 18:00:57.673854"]]
  ↳ app/controllers/todos_controller.rb:27:in `block in create'
  [1m[36mTRANSACTION (1.0ms)[0m  [1m[36mcommit transaction[0m
  ↳ app/controllers/todos_controller.rb:27:in `block in create'
Redirected to http://localhost:3000/todos/1
Completed 302 Found in 9ms (ActiveRecord: 1.8ms | Allocations: 3839)


Started GET "/todos/1" for 127.0.0.1 at 2022-02-27 18:00:57 +0000
Processing by TodosController#show as TURBO_STREAM
  Parameters: {"id"=>"1"}
  [1m[36mTodo Load (0.1ms)[0m  [1m[34mSELECT "todos".* FROM "todos" WHERE "todos"."id" = ? LIMIT ?[0m  [["id", 1], ["LIMIT", 1]]
  ↳ app/controllers/todos_controller.rb:63:in `set_todo'
  Rendering layout layouts/application.html.erb
  Rendering todos/show.html.erb within layouts/application
  Rendered todos/_todo.html.erb (Duration: 0.6ms | Allocations: 255)
  Rendered todos/show.html.erb within layouts/application (Duration: 5.0ms | Allocations: 1699)
  Rendered layout layouts/application.html.erb (Duration: 8.5ms | Allocations: 3899)
Completed 200 OK in 13ms (Views: 9.1ms | ActiveRecord: 0.1ms | Allocations: 7021)


Started GET "/todos" for 127.0.0.1 at 2022-02-27 18:01:01 +0000
Processing by TodosController#index as HTML
  Rendering layout layouts/application.html.erb
  Rendering todos/index.html.erb within layouts/application
  [1m[36mTodo Load (0.1ms)[0m  [1m[34mSELECT "todos".* FROM "todos"[0m
  ↳ app/views/todos/index.html.erb:6
  Rendered todos/_todo.html.erb (Duration: 0.1ms | Allocations: 22)
  Rendered todos/index.html.erb within layouts/application (Duration: 2.1ms | Allocations: 1090)
  Rendered layout layouts/application.html.erb (Duration: 5.0ms | Allocations: 3201)
Completed 200 OK in 7ms (Views: 5.5ms | ActiveRecord: 0.1ms | Allocations: 3575)


Started GET "/todos/new" for 127.0.0.1 at 2022-02-27 18:01:03 +0000
Processing by TodosController#new as HTML
  Rendering layout layouts/application.html.erb
  Rendering todos/new.html.erb within layouts/application
  Rendered todos/_form.html.erb (Duration: 1.3ms | Allocations: 1024)
  Rendered todos/new.html.erb within layouts/application (Duration: 1.7ms | Allocations: 1120)
  Rendered layout layouts/application.html.erb (Duration: 5.0ms | Allocations: 3216)
Completed 200 OK in 7ms (Views: 6.0ms | ActiveRecord: 0.0ms | Allocations: 3569)


Started POST "/todos" for 127.0.0.1 at 2022-02-27 18:01:13 +0000
Processing by TodosController#create as TURBO_STREAM
  Parameters: {"authenticity_token"=>"[FILTERED]", "todo"=>{"title"=>"Go shopping", "completed"=>"1"}, "commit"=>"Create Todo"}
  [1m[36mTRANSACTION (0.1ms)[0m  [1m[36mbegin transaction[0m
  ↳ app/controllers/todos_controller.rb:27:in `block in create'
  [1m[36mTodo Create (0.5ms)[0m  [1m[32mINSERT INTO "todos" ("title", "completed", "created_at", "updated_at") VALUES (?, ?, ?, ?)[0m  [["title", "Go shopping"], ["completed", 1], ["created_at", "2022-02-27 18:01:13.276112"], ["updated_at", "2022-02-27 18:01:13.276112"]]
  ↳ app/controllers/todos_controller.rb:27:in `block in create'
  [1m[36mTRANSACTION (0.9ms)[0m  [1m[36mcommit transaction[0m
  ↳ app/controllers/todos_controller.rb:27:in `block in create'
Redirected to http://localhost:3000/todos/2
Completed 302 Found in 7ms (ActiveRecord: 1.4ms | Allocations: 2490)


Started GET "/todos/2" for 127.0.0.1 at 2022-02-27 18:01:13 +0000
Processing by TodosController#show as TURBO_STREAM
  Parameters: {"id"=>"2"}
  [1m[36mTodo Load (0.1ms)[0m  [1m[34mSELECT "todos".* FROM "todos" WHERE "todos"."id" = ? LIMIT ?[0m  [["id", 2], ["LIMIT", 1]]
  ↳ app/controllers/todos_controller.rb:63:in `set_todo'
  Rendering layout layouts/application.html.erb
  Rendering todos/show.html.erb within layouts/application
  Rendered todos/_todo.html.erb (Duration: 0.1ms | Allocations: 23)
  Rendered todos/show.html.erb within layouts/application (Duration: 0.8ms | Allocations: 606)
  Rendered layout layouts/application.html.erb (Duration: 3.5ms | Allocations: 2694)
Completed 200 OK in 5ms (Views: 3.9ms | ActiveRecord: 0.1ms | Allocations: 3517)


Started GET "/todos/2" for 127.0.0.1 at 2022-02-27 18:02:05 +0000
Processing by TodosController#show as HTML
  Parameters: {"id"=>"2"}
  [1m[36mTodo Load (0.1ms)[0m  [1m[34mSELECT "todos".* FROM "todos" WHERE "todos"."id" = ? LIMIT ?[0m  [["id", 2], ["LIMIT", 1]]
  ↳ app/controllers/todos_controller.rb:63:in `set_todo'
  Rendering layout layouts/application.html.erb
  Rendering todos/show.html.erb within layouts/application
  Rendered todos/_todo.html.erb (Duration: 0.6ms | Allocations: 203)
  Rendered todos/show.html.erb within layouts/application (Duration: 2.4ms | Allocations: 1232)
  Rendered layout layouts/application.html.erb (Duration: 6.5ms | Allocations: 3717)
Completed 200 OK in 12ms (Views: 9.2ms | ActiveRecord: 0.1ms | Allocations: 5375)


Started GET "/todos/2/edit" for 127.0.0.1 at 2022-02-27 18:02:08 +0000
Processing by TodosController#edit as HTML
  Parameters: {"id"=>"2"}
  [1m[36mTodo Load (0.1ms)[0m  [1m[34mSELECT "todos".* FROM "todos" WHERE "todos"."id" = ? LIMIT ?[0m  [["id", 2], ["LIMIT", 1]]
  ↳ app/controllers/todos_controller.rb:63:in `set_todo'
  Rendering layout layouts/application.html.erb
  Rendering todos/edit.html.erb within layouts/application
  Rendered todos/_form.html.erb (Duration: 2.5ms | Allocations: 1465)
  Rendered todos/edit.html.erb within layouts/application (Duration: 3.8ms | Allocations: 1821)
  Rendered layout layouts/application.html.erb (Duration: 6.9ms | Allocations: 3909)
Completed 200 OK in 10ms (Views: 7.4ms | ActiveRecord: 0.1ms | Allocations: 4848)


Started PATCH "/todos/2" for 127.0.0.1 at 2022-02-27 18:02:10 +0000
Processing by TodosController#update as TURBO_STREAM
  Parameters: {"authenticity_token"=>"[FILTERED]", "todo"=>{"title"=>"Go shopping", "completed"=>"0"}, "commit"=>"Update Todo", "id"=>"2"}
  [1m[36mTodo Load (0.1ms)[0m  [1m[34mSELECT "todos".* FROM "todos" WHERE "todos"."id" = ? LIMIT ?[0m  [["id", 2], ["LIMIT", 1]]
  ↳ app/controllers/todos_controller.rb:63:in `set_todo'
  [1m[36mTRANSACTION (0.0ms)[0m  [1m[36mbegin transaction[0m
  ↳ app/controllers/todos_controller.rb:40:in `block in update'
  [1m[36mTodo Update (0.4ms)[0m  [1m[33mUPDATE "todos" SET "completed" = ?, "updated_at" = ? WHERE "todos"."id" = ?[0m  [["completed", 0], ["updated_at", "2022-02-27 18:02:10.107944"], ["id", 2]]
  ↳ app/controllers/todos_controller.rb:40:in `block in update'
  [1m[36mTRANSACTION (1.0ms)[0m  [1m[36mcommit transaction[0m
  ↳ app/controllers/todos_controller.rb:40:in `block in update'
Redirected to http://localhost:3000/todos/2
Completed 302 Found in 7ms (ActiveRecord: 1.5ms | Allocations: 3201)


Started GET "/todos/2" for 127.0.0.1 at 2022-02-27 18:02:10 +0000
Processing by TodosController#show as TURBO_STREAM
  Parameters: {"id"=>"2"}
  [1m[36mTodo Load (0.1ms)[0m  [1m[34mSELECT "todos".* FROM "todos" WHERE "todos"."id" = ? LIMIT ?[0m  [["id", 2], ["LIMIT", 1]]
  ↳ app/controllers/todos_controller.rb:63:in `set_todo'
  Rendering layout layouts/application.html.erb
  Rendering todos/show.html.erb within layouts/application
  Rendered todos/_todo.html.erb (Duration: 0.1ms | Allocations: 22)
  Rendered todos/show.html.erb within layouts/application (Duration: 1.5ms | Allocations: 628)
  Rendered layout layouts/application.html.erb (Duration: 4.8ms | Allocations: 2716)
Completed 200 OK in 7ms (Views: 5.3ms | ActiveRecord: 0.1ms | Allocations: 3577)


Started GET "/todos" for 127.0.0.1 at 2022-02-27 18:02:12 +0000
Processing by TodosController#index as HTML
  Rendering layout layouts/application.html.erb
  Rendering todos/index.html.erb within layouts/application
  [1m[36mTodo Load (0.1ms)[0m  [1m[34mSELECT "todos".* FROM "todos"[0m
  ↳ app/views/todos/index.html.erb:6
  Rendered todos/_todo.html.erb (Duration: 0.2ms | Allocations: 22)
  Rendered todos/_todo.html.erb (Duration: 0.1ms | Allocations: 21)
  Rendered todos/index.html.erb within layouts/application (Duration: 3.1ms | Allocations: 1376)
  Rendered layout layouts/application.html.erb (Duration: 5.8ms | Allocations: 3485)
Completed 200 OK in 7ms (Views: 6.2ms | ActiveRecord: 0.1ms | Allocations: 3909)


Started GET "/todos/1" for 127.0.0.1 at 2022-02-27 18:02:16 +0000
Processing by TodosController#show as HTML
  Parameters: {"id"=>"1"}
  [1m[36mTodo Load (0.1ms)[0m  [1m[34mSELECT "todos".* FROM "todos" WHERE "todos"."id" = ? LIMIT ?[0m  [["id", 1], ["LIMIT", 1]]
  ↳ app/controllers/todos_controller.rb:63:in `set_todo'
  Rendering layout layouts/application.html.erb
  Rendering todos/show.html.erb within layouts/application
  Rendered todos/_todo.html.erb (Duration: 0.1ms | Allocations: 22)
  Rendered todos/show.html.erb within layouts/application (Duration: 3.1ms | Allocations: 573)
  Rendered layout layouts/application.html.erb (Duration: 13.5ms | Allocations: 2661)
Completed 200 OK in 18ms (Views: 14.1ms | ActiveRecord: 0.1ms | Allocations: 3473)


Started GET "/todos/1/edit" for 127.0.0.1 at 2022-02-27 18:02:18 +0000
Processing by TodosController#edit as HTML
  Parameters: {"id"=>"1"}
  [1m[36mTodo Load (0.1ms)[0m  [1m[34mSELECT "todos".* FROM "todos" WHERE "todos"."id" = ? LIMIT ?[0m  [["id", 1], ["LIMIT", 1]]
  ↳ app/controllers/todos_controller.rb:63:in `set_todo'
  Rendering layout layouts/application.html.erb
  Rendering todos/edit.html.erb within layouts/application
  Rendered todos/_form.html.erb (Duration: 5.8ms | Allocations: 1006)
  Rendered todos/edit.html.erb within layouts/application (Duration: 6.2ms | Allocations: 1128)
  Rendered layout layouts/application.html.erb (Duration: 16.3ms | Allocations: 3216)
Completed 200 OK in 21ms (Views: 16.9ms | ActiveRecord: 0.1ms | Allocations: 4027)


Started PATCH "/todos/1" for 127.0.0.1 at 2022-02-27 18:02:20 +0000
Processing by TodosController#update as TURBO_STREAM
  Parameters: {"authenticity_token"=>"[FILTERED]", "todo"=>{"title"=>"Bring out the bins", "completed"=>"1"}, "commit"=>"Update Todo", "id"=>"1"}
  [1m[36mTodo Load (0.1ms)[0m  [1m[34mSELECT "todos".* FROM "todos" WHERE "todos"."id" = ? LIMIT ?[0m  [["id", 1], ["LIMIT", 1]]
  ↳ app/controllers/todos_controller.rb:63:in `set_todo'
  [1m[36mTRANSACTION (0.1ms)[0m  [1m[36mbegin transaction[0m
  ↳ app/controllers/todos_controller.rb:40:in `block in update'
  [1m[36mTodo Update (0.4ms)[0m  [1m[33mUPDATE "todos" SET "completed" = ?, "updated_at" = ? WHERE "todos"."id" = ?[0m  [["completed", 1], ["updated_at", "2022-02-27 18:02:20.541795"], ["id", 1]]
  ↳ app/controllers/todos_controller.rb:40:in `block in update'
  [1m[36mTRANSACTION (1.2ms)[0m  [1m[36mcommit transaction[0m
  ↳ app/controllers/todos_controller.rb:40:in `block in update'
Redirected to http://localhost:3000/todos/1
Completed 302 Found in 9ms (ActiveRecord: 1.8ms | Allocations: 2919)


Started GET "/todos/1" for 127.0.0.1 at 2022-02-27 18:02:20 +0000
Processing by TodosController#show as TURBO_STREAM
  Parameters: {"id"=>"1"}
  [1m[36mTodo Load (0.1ms)[0m  [1m[34mSELECT "todos".* FROM "todos" WHERE "todos"."id" = ? LIMIT ?[0m  [["id", 1], ["LIMIT", 1]]
  ↳ app/controllers/todos_controller.rb:63:in `set_todo'
  Rendering layout layouts/application.html.erb
  Rendering todos/show.html.erb within layouts/application
  Rendered todos/_todo.html.erb (Duration: 0.1ms | Allocations: 22)
  Rendered todos/show.html.erb within layouts/application (Duration: 1.4ms | Allocations: 589)
  Rendered layout layouts/application.html.erb (Duration: 4.9ms | Allocations: 2681)
Completed 200 OK in 7ms (Views: 5.5ms | ActiveRecord: 0.1ms | Allocations: 3495)


Started GET "/todos" for 127.0.0.1 at 2022-02-27 18:02:22 +0000
Processing by TodosController#index as HTML
  Rendering layout layouts/application.html.erb
  Rendering todos/index.html.erb within layouts/application
  [1m[36mTodo Load (0.1ms)[0m  [1m[34mSELECT "todos".* FROM "todos"[0m
  ↳ app/views/todos/index.html.erb:6
  Rendered todos/_todo.html.erb (Duration: 0.1ms | Allocations: 22)
  Rendered todos/_todo.html.erb (Duration: 0.1ms | Allocations: 21)
  Rendered todos/index.html.erb within layouts/application (Duration: 1.9ms | Allocations: 1118)
  Rendered layout layouts/application.html.erb (Duration: 5.2ms | Allocations: 3227)
Completed 200 OK in 7ms (Views: 5.8ms | ActiveRecord: 0.1ms | Allocations: 3568)


Started GET "/" for 127.0.0.1 at 2022-02-28 21:40:09 +0000
  [1m[35m (1.4ms)[0m  [1m[34mSELECT sqlite_version(*)[0m
  [1m[36mActiveRecord::SchemaMigration Pluck (0.4ms)[0m  [1m[34mSELECT "schema_migrations"."version" FROM "schema_migrations" ORDER BY "schema_migrations"."version" ASC[0m
Processing by Rails::WelcomeController#index as HTML
  Rendering /Users/rduffy/.rbenv/versions/3.0.3/lib/ruby/gems/3.0.0/gems/railties-7.0.2.2/lib/rails/templates/rails/welcome/index.html.erb
  Rendered /Users/rduffy/.rbenv/versions/3.0.3/lib/ruby/gems/3.0.0/gems/railties-7.0.2.2/lib/rails/templates/rails/welcome/index.html.erb (Duration: 2.6ms | Allocations: 732)
Completed 200 OK in 21ms (Views: 7.4ms | ActiveRecord: 0.0ms | Allocations: 6432)


Started GET "/todos" for 127.0.0.1 at 2022-02-28 21:40:15 +0000
Processing by TodosController#index as HTML
  Rendering layout layouts/application.html.erb
  Rendering todos/index.html.erb within layouts/application
  [1m[36mTodo Load (0.5ms)[0m  [1m[34mSELECT "todos".* FROM "todos"[0m
  ↳ app/views/todos/index.html.erb:6
  Rendered todos/_todo.html.erb (Duration: 1.2ms | Allocations: 278)
  Rendered todos/_todo.html.erb (Duration: 0.1ms | Allocations: 22)
  Rendered todos/index.html.erb within layouts/application (Duration: 16.3ms | Allocations: 7022)
  Rendered layout layouts/application.html.erb (Duration: 119.2ms | Allocations: 41910)
Completed 200 OK in 127ms (Views: 120.4ms | ActiveRecord: 0.9ms | Allocations: 44038)


Started GET "/todos" for 127.0.0.1 at 2022-02-28 22:05:57 +0000
Processing by TodosController#index as JSON
  Rendering todos/index.json.jbuilder
  [1m[35m (0.1ms)[0m  [1m[34mSELECT sqlite_version(*)[0m
  ↳ app/views/todos/index.json.jbuilder:1
  [1m[36mTodo Load (4.7ms)[0m  [1m[34mSELECT "todos".* FROM "todos"[0m
  ↳ app/views/todos/index.json.jbuilder:1
  Rendered collection of todos/_todo.json.jbuilder [2 times] (Duration: 3.0ms | Allocations: 515)
  Rendered todos/index.json.jbuilder (Duration: 14.6ms | Allocations: 2431)
Completed 200 OK in 17ms (Views: 15.9ms | ActiveRecord: 4.9ms | Allocations: 2996)


Started GET "/todos/1" for 127.0.0.1 at 2022-02-28 22:07:32 +0000
Processing by TodosController#show as JSON
  Parameters: {"id"=>"1"}
  [1m[36mTodo Load (0.2ms)[0m  [1m[34mSELECT "todos".* FROM "todos" WHERE "todos"."id" = ? LIMIT ?[0m  [["id", 1], ["LIMIT", 1]]
  ↳ app/controllers/todos_controller.rb:63:in `set_todo'
  Rendering todos/show.json.jbuilder
  Rendered todos/_todo.json.jbuilder (Duration: 0.9ms | Allocations: 247)
  Rendered todos/show.json.jbuilder (Duration: 3.0ms | Allocations: 608)
Completed 200 OK in 19ms (Views: 3.9ms | ActiveRecord: 0.2ms | Allocations: 6759)


Started POST "/todos/1" for 127.0.0.1 at 2022-02-28 22:10:16 +0000
  
ActionController::RoutingError (No route matches [POST] "/todos/1"):
  
Started GET "/todos" for 127.0.0.1 at 2022-02-28 22:10:21 +0000
Processing by TodosController#index as HTML
  Rendering layout layouts/application.html.erb
  Rendering todos/index.html.erb within layouts/application
  [1m[35m (0.1ms)[0m  [1m[34mSELECT sqlite_version(*)[0m
  ↳ app/views/todos/index.html.erb:6
  [1m[36mTodo Load (0.4ms)[0m  [1m[34mSELECT "todos".* FROM "todos"[0m
  ↳ app/views/todos/index.html.erb:6
  Rendered todos/_todo.html.erb (Duration: 0.1ms | Allocations: 46)
  Rendered todos/_todo.html.erb (Duration: 0.1ms | Allocations: 21)
  Rendered todos/index.html.erb within layouts/application (Duration: 6.1ms | Allocations: 3528)
  Rendered layout layouts/application.html.erb (Duration: 26.3ms | Allocations: 17532)
Completed 200 OK in 32ms (Views: 28.1ms | ActiveRecord: 1.1ms | Allocations: 19205)


Started POST "/todos" for 127.0.0.1 at 2022-02-28 22:10:29 +0000
Processing by TodosController#create as JSON
  Parameters: {"title"=>"Burn the house down", "completed"=>false, "todo"=>{"title"=>"Burn the house down", "completed"=>false}}
  [1m[36mTRANSACTION (0.1ms)[0m  [1m[36mbegin transaction[0m
  ↳ app/controllers/todos_controller.rb:28:in `block in create'
  [1m[36mTodo Create (2.8ms)[0m  [1m[32mINSERT INTO "todos" ("title", "completed", "created_at", "updated_at") VALUES (?, ?, ?, ?)[0m  [["title", "Burn the house down"], ["completed", 0], ["created_at", "2022-02-28 22:10:29.367698"], ["updated_at", "2022-02-28 22:10:29.367698"]]
  ↳ app/controllers/todos_controller.rb:28:in `block in create'
  [1m[36mTRANSACTION (1.2ms)[0m  [1m[36mcommit transaction[0m
  ↳ app/controllers/todos_controller.rb:28:in `block in create'
  Rendering todos/show.json.jbuilder
  Rendered todos/_todo.json.jbuilder (Duration: 0.4ms | Allocations: 103)
  Rendered todos/show.json.jbuilder (Duration: 0.9ms | Allocations: 277)
Completed 201 Created in 11ms (Views: 1.7ms | ActiveRecord: 4.0ms | Allocations: 3645)


Started GET "/todos" for 127.0.0.1 at 2022-02-28 22:10:31 +0000
Processing by TodosController#index as HTML
  Rendering layout layouts/application.html.erb
  Rendering todos/index.html.erb within layouts/application
  [1m[36mTodo Load (0.2ms)[0m  [1m[34mSELECT "todos".* FROM "todos"[0m
  ↳ app/views/todos/index.html.erb:6
  Rendered todos/_todo.html.erb (Duration: 0.1ms | Allocations: 22)
  Rendered todos/_todo.html.erb (Duration: 0.1ms | Allocations: 21)
  Rendered todos/_todo.html.erb (Duration: 0.1ms | Allocations: 21)
  Rendered todos/index.html.erb within layouts/application (Duration: 4.0ms | Allocations: 1157)
  Rendered layout layouts/application.html.erb (Duration: 7.9ms | Allocations: 3264)
Completed 200 OK in 9ms (Views: 8.1ms | ActiveRecord: 0.2ms | Allocations: 3614)


Started PATCH "/todos/1" for 127.0.0.1 at 2022-02-28 22:11:11 +0000
Processing by TodosController#update as JSON
  Parameters: {"completed"=>true, "id"=>"1", "todo"=>{"completed"=>true}}
  [1m[36mTodo Load (0.1ms)[0m  [1m[34mSELECT "todos".* FROM "todos" WHERE "todos"."id" = ? LIMIT ?[0m  [["id", 1], ["LIMIT", 1]]
  ↳ app/controllers/todos_controller.rb:64:in `set_todo'
  Rendering todos/show.json.jbuilder
  Rendered todos/_todo.json.jbuilder (Duration: 0.2ms | Allocations: 82)
  Rendered todos/show.json.jbuilder (Duration: 0.5ms | Allocations: 245)
Completed 200 OK in 5ms (Views: 1.3ms | ActiveRecord: 0.1ms | Allocations: 2092)


Started GET "/todos" for 127.0.0.1 at 2022-02-28 22:11:15 +0000
Processing by TodosController#index as HTML
  Rendering layout layouts/application.html.erb
  Rendering todos/index.html.erb within layouts/application
  [1m[36mTodo Load (0.1ms)[0m  [1m[34mSELECT "todos".* FROM "todos"[0m
  ↳ app/views/todos/index.html.erb:6
  Rendered todos/_todo.html.erb (Duration: 0.1ms | Allocations: 22)
  Rendered todos/_todo.html.erb (Duration: 0.1ms | Allocations: 21)
  Rendered todos/_todo.html.erb (Duration: 0.1ms | Allocations: 21)
  Rendered todos/index.html.erb within layouts/application (Duration: 2.7ms | Allocations: 1171)
  Rendered layout layouts/application.html.erb (Duration: 6.1ms | Allocations: 3278)
Completed 200 OK in 7ms (Views: 6.5ms | ActiveRecord: 0.1ms | Allocations: 3627)


Started PATCH "/todos/1" for 127.0.0.1 at 2022-02-28 22:11:24 +0000
Processing by TodosController#update as JSON
  Parameters: {"completed"=>false, "id"=>"1", "todo"=>{"completed"=>false}}
  [1m[36mTodo Load (0.1ms)[0m  [1m[34mSELECT "todos".* FROM "todos" WHERE "todos"."id" = ? LIMIT ?[0m  [["id", 1], ["LIMIT", 1]]
  ↳ app/controllers/todos_controller.rb:64:in `set_todo'
  [1m[36mTRANSACTION (0.1ms)[0m  [1m[36mbegin transaction[0m
  ↳ app/controllers/todos_controller.rb:41:in `block in update'
  [1m[36mTodo Update (0.8ms)[0m  [1m[33mUPDATE "todos" SET "completed" = ?, "updated_at" = ? WHERE "todos"."id" = ?[0m  [["completed", 0], ["updated_at", "2022-02-28 22:11:24.213950"], ["id", 1]]
  ↳ app/controllers/todos_controller.rb:41:in `block in update'
  [1m[36mTRANSACTION (1.2ms)[0m  [1m[36mcommit transaction[0m
  ↳ app/controllers/todos_controller.rb:41:in `block in update'
  Rendering todos/show.json.jbuilder
  Rendered todos/_todo.json.jbuilder (Duration: 0.3ms | Allocations: 82)
  Rendered todos/show.json.jbuilder (Duration: 0.9ms | Allocations: 244)
Completed 200 OK in 13ms (Views: 2.0ms | ActiveRecord: 2.2ms | Allocations: 3135)


Started GET "/todos" for 127.0.0.1 at 2022-02-28 22:11:26 +0000
Processing by TodosController#index as HTML
  Rendering layout layouts/application.html.erb
  Rendering todos/index.html.erb within layouts/application
  [1m[36mTodo Load (0.1ms)[0m  [1m[34mSELECT "todos".* FROM "todos"[0m
  ↳ app/views/todos/index.html.erb:6
  Rendered todos/_todo.html.erb (Duration: 0.1ms | Allocations: 22)
  Rendered todos/_todo.html.erb (Duration: 0.1ms | Allocations: 21)
  Rendered todos/_todo.html.erb (Duration: 0.1ms | Allocations: 21)
  Rendered todos/index.html.erb within layouts/application (Duration: 3.5ms | Allocations: 1169)
  Rendered layout layouts/application.html.erb (Duration: 6.8ms | Allocations: 3284)
Completed 200 OK in 8ms (Views: 7.1ms | ActiveRecord: 0.1ms | Allocations: 3632)


Started DELETE "/todos/3" for 127.0.0.1 at 2022-02-28 22:11:54 +0000
Processing by TodosController#destroy as JSON
  Parameters: {"completed"=>false, "id"=>"3", "todo"=>{"completed"=>false}}
  [1m[36mTodo Load (0.1ms)[0m  [1m[34mSELECT "todos".* FROM "todos" WHERE "todos"."id" = ? LIMIT ?[0m  [["id", 3], ["LIMIT", 1]]
  ↳ app/controllers/todos_controller.rb:64:in `set_todo'
  [1m[36mTRANSACTION (0.1ms)[0m  [1m[36mbegin transaction[0m
  ↳ app/controllers/todos_controller.rb:53:in `destroy'
  [1m[36mTodo Destroy (0.3ms)[0m  [1m[31mDELETE FROM "todos" WHERE "todos"."id" = ?[0m  [["id", 3]]
  ↳ app/controllers/todos_controller.rb:53:in `destroy'
  [1m[36mTRANSACTION (1.0ms)[0m  [1m[36mcommit transaction[0m
  ↳ app/controllers/todos_controller.rb:53:in `destroy'
Completed 204 No Content in 6ms (ActiveRecord: 1.5ms | Allocations: 2166)


Started GET "/todos" for 127.0.0.1 at 2022-02-28 22:11:56 +0000
Processing by TodosController#index as HTML
  Rendering layout layouts/application.html.erb
  Rendering todos/index.html.erb within layouts/application
  [1m[36mTodo Load (0.1ms)[0m  [1m[34mSELECT "todos".* FROM "todos"[0m
  ↳ app/views/todos/index.html.erb:6
  Rendered todos/_todo.html.erb (Duration: 0.1ms | Allocations: 22)
  Rendered todos/_todo.html.erb (Duration: 0.1ms | Allocations: 21)
  Rendered todos/index.html.erb within layouts/application (Duration: 3.3ms | Allocations: 1039)
  Rendered layout layouts/application.html.erb (Duration: 7.1ms | Allocations: 3152)
Completed 200 OK in 8ms (Views: 7.5ms | ActiveRecord: 0.1ms | Allocations: 3501)


Started GET "/todos" for 127.0.0.1 at 2022-02-28 22:12:03 +0000
Processing by TodosController#index as JSON
  Parameters: {"completed"=>false, "todo"=>{"completed"=>false}}
  Rendering todos/index.json.jbuilder
  [1m[36mTodo Load (0.1ms)[0m  [1m[34mSELECT "todos".* FROM "todos"[0m
  ↳ app/views/todos/index.json.jbuilder:1
  Rendered collection of todos/_todo.json.jbuilder [2 times] (Duration: 0.5ms | Allocations: 251)
  Rendered todos/index.json.jbuilder (Duration: 2.0ms | Allocations: 1118)
Completed 200 OK in 3ms (Views: 2.4ms | ActiveRecord: 0.1ms | Allocations: 1482)


Started POST "/todos" for 127.0.0.1 at 2022-02-28 22:12:27 +0000
Processing by TodosController#create as JSON
  Parameters: {"title"=>"Add todo", "completed"=>false, "todo"=>{"title"=>"Add todo", "completed"=>false}}
  [1m[36mTRANSACTION (0.1ms)[0m  [1m[36mbegin transaction[0m
  ↳ app/controllers/todos_controller.rb:28:in `block in create'
  [1m[36mTodo Create (0.4ms)[0m  [1m[32mINSERT INTO "todos" ("title", "completed", "created_at", "updated_at") VALUES (?, ?, ?, ?)[0m  [["title", "Add todo"], ["completed", 0], ["created_at", "2022-02-28 22:12:27.921092"], ["updated_at", "2022-02-28 22:12:27.921092"]]
  ↳ app/controllers/todos_controller.rb:28:in `block in create'
  [1m[36mTRANSACTION (1.0ms)[0m  [1m[36mcommit transaction[0m
  ↳ app/controllers/todos_controller.rb:28:in `block in create'
  Rendering todos/show.json.jbuilder
  Rendered todos/_todo.json.jbuilder (Duration: 0.2ms | Allocations: 82)
  Rendered todos/show.json.jbuilder (Duration: 0.6ms | Allocations: 244)
Completed 201 Created in 8ms (Views: 1.6ms | ActiveRecord: 1.5ms | Allocations: 2494)


Started GET "/todos" for 127.0.0.1 at 2022-02-28 22:12:30 +0000
Processing by TodosController#index as HTML
  Rendering layout layouts/application.html.erb
  Rendering todos/index.html.erb within layouts/application
  [1m[36mTodo Load (0.1ms)[0m  [1m[34mSELECT "todos".* FROM "todos"[0m
  ↳ app/views/todos/index.html.erb:6
  Rendered todos/_todo.html.erb (Duration: 0.1ms | Allocations: 22)
  Rendered todos/_todo.html.erb (Duration: 0.1ms | Allocations: 21)
  Rendered todos/_todo.html.erb (Duration: 0.1ms | Allocations: 21)
  Rendered todos/index.html.erb within layouts/application (Duration: 2.6ms | Allocations: 1163)
  Rendered layout layouts/application.html.erb (Duration: 5.8ms | Allocations: 3270)
Completed 200 OK in 8ms (Views: 6.4ms | ActiveRecord: 0.1ms | Allocations: 3618)


Started GET "/todos" for 127.0.0.1 at 2022-02-28 22:12:38 +0000
Processing by TodosController#index as JSON
  Parameters: {"title"=>"Add todo", "completed"=>false, "todo"=>{"title"=>"Add todo", "completed"=>false}}
  Rendering todos/index.json.jbuilder
  [1m[36mTodo Load (0.1ms)[0m  [1m[34mSELECT "todos".* FROM "todos"[0m
  ↳ app/views/todos/index.json.jbuilder:1
  Rendered collection of todos/_todo.json.jbuilder [3 times] (Duration: 0.5ms | Allocations: 341)
  Rendered todos/index.json.jbuilder (Duration: 1.9ms | Allocations: 1273)
Completed 200 OK in 3ms (Views: 2.2ms | ActiveRecord: 0.1ms | Allocations: 1637)


Started DELETE "/todos/2" for 127.0.0.1 at 2022-02-28 22:12:46 +0000
Processing by TodosController#destroy as JSON
  Parameters: {"title"=>"Add todo", "completed"=>false, "id"=>"2", "todo"=>{"title"=>"Add todo", "completed"=>false}}
  [1m[36mTodo Load (0.1ms)[0m  [1m[34mSELECT "todos".* FROM "todos" WHERE "todos"."id" = ? LIMIT ?[0m  [["id", 2], ["LIMIT", 1]]
  ↳ app/controllers/todos_controller.rb:64:in `set_todo'
  [1m[36mTRANSACTION (0.1ms)[0m  [1m[36mbegin transaction[0m
  ↳ app/controllers/todos_controller.rb:53:in `destroy'
  [1m[36mTodo Destroy (0.4ms)[0m  [1m[31mDELETE FROM "todos" WHERE "todos"."id" = ?[0m  [["id", 2]]
  ↳ app/controllers/todos_controller.rb:53:in `destroy'
  [1m[36mTRANSACTION (1.6ms)[0m  [1m[36mcommit transaction[0m
  ↳ app/controllers/todos_controller.rb:53:in `destroy'
Completed 204 No Content in 8ms (ActiveRecord: 2.2ms | Allocations: 2070)


Started GET "/todos" for 127.0.0.1 at 2022-02-28 22:12:48 +0000
Processing by TodosController#index as HTML
  Rendering layout layouts/application.html.erb
  Rendering todos/index.html.erb within layouts/application
  [1m[36mTodo Load (0.2ms)[0m  [1m[34mSELECT "todos".* FROM "todos"[0m
  ↳ app/views/todos/index.html.erb:6
  Rendered todos/_todo.html.erb (Duration: 0.1ms | Allocations: 22)
  Rendered todos/_todo.html.erb (Duration: 0.1ms | Allocations: 21)
  Rendered todos/index.html.erb within layouts/application (Duration: 2.5ms | Allocations: 1024)
  Rendered layout layouts/application.html.erb (Duration: 5.6ms | Allocations: 3139)
Completed 200 OK in 7ms (Views: 5.9ms | ActiveRecord: 0.2ms | Allocations: 3488)


Started GET "/todos" for 127.0.0.1 at 2022-02-28 22:12:57 +0000
Processing by TodosController#index as JSON
  Parameters: {"title"=>"Add todo", "completed"=>false, "todo"=>{"title"=>"Add todo", "completed"=>false}}
  Rendering todos/index.json.jbuilder
  [1m[36mTodo Load (0.1ms)[0m  [1m[34mSELECT "todos".* FROM "todos"[0m
  ↳ app/views/todos/index.json.jbuilder:1
  Rendered collection of todos/_todo.json.jbuilder [2 times] (Duration: 0.6ms | Allocations: 238)
  Rendered todos/index.json.jbuilder (Duration: 2.0ms | Allocations: 1092)
Completed 200 OK in 3ms (Views: 2.4ms | ActiveRecord: 0.1ms | Allocations: 1457)


Started PUT "/todos/2" for 127.0.0.1 at 2022-02-28 22:13:47 +0000
Processing by TodosController#update as JSON
  Parameters: {"title"=>"recreate todo", "completed"=>false, "id"=>"2", "todo"=>{"title"=>"recreate todo", "completed"=>false}}
  [1m[36mTodo Load (0.1ms)[0m  [1m[34mSELECT "todos".* FROM "todos" WHERE "todos"."id" = ? LIMIT ?[0m  [["id", 2], ["LIMIT", 1]]
  ↳ app/controllers/todos_controller.rb:64:in `set_todo'
Completed 404 Not Found in 2ms (ActiveRecord: 0.1ms | Allocations: 952)


  
ActiveRecord::RecordNotFound (Couldn't find Todo with 'id'=2):
  
app/controllers/todos_controller.rb:64:in `set_todo'
Started PUT "/todos" for 127.0.0.1 at 2022-02-28 22:14:11 +0000
  
ActionController::RoutingError (No route matches [PUT] "/todos"):
  
Started POST "/todos" for 127.0.0.1 at 2022-02-28 22:14:23 +0000
Processing by TodosController#create as JSON
  Parameters: {"id"=>2, "title"=>"recreate todo", "completed"=>false, "todo"=>{"id"=>2, "title"=>"recreate todo", "completed"=>false}}
[31mUnpermitted parameter: :id. Context: { controller: TodosController, action: create, request: #<ActionDispatch::Request:0x00007fc611101cb8>, params: {"id"=>2, "title"=>"recreate todo", "completed"=>false, "controller"=>"todos", "action"=>"create", "todo"=>{"id"=>2, "title"=>"recreate todo", "completed"=>false}} }[0m
  [1m[36mTRANSACTION (0.1ms)[0m  [1m[36mbegin transaction[0m
  ↳ app/controllers/todos_controller.rb:28:in `block in create'
  [1m[36mTodo Create (1.4ms)[0m  [1m[32mINSERT INTO "todos" ("title", "completed", "created_at", "updated_at") VALUES (?, ?, ?, ?)[0m  [["title", "recreate todo"], ["completed", 0], ["created_at", "2022-02-28 22:14:23.018388"], ["updated_at", "2022-02-28 22:14:23.018388"]]
  ↳ app/controllers/todos_controller.rb:28:in `block in create'
  [1m[36mTRANSACTION (1.1ms)[0m  [1m[36mcommit transaction[0m
  ↳ app/controllers/todos_controller.rb:28:in `block in create'
  Rendering todos/show.json.jbuilder
  Rendered todos/_todo.json.jbuilder (Duration: 0.2ms | Allocations: 82)
  Rendered todos/show.json.jbuilder (Duration: 0.5ms | Allocations: 244)
Completed 201 Created in 9ms (Views: 1.8ms | ActiveRecord: 2.6ms | Allocations: 2604)


Started GET "/" for 127.0.0.1 at 2022-03-12 00:07:24 +0000
  [1m[35m (2.4ms)[0m  [1m[34mSELECT sqlite_version(*)[0m
  [1m[36mActiveRecord::SchemaMigration Pluck (0.4ms)[0m  [1m[34mSELECT "schema_migrations"."version" FROM "schema_migrations" ORDER BY "schema_migrations"."version" ASC[0m
Processing by Rails::WelcomeController#index as HTML
  Rendering /usr/local/lib/ruby/gems/3.1.0/gems/railties-7.0.2.2/lib/rails/templates/rails/welcome/index.html.erb
  Rendered /usr/local/lib/ruby/gems/3.1.0/gems/railties-7.0.2.2/lib/rails/templates/rails/welcome/index.html.erb (Duration: 3.4ms | Allocations: 912)
Completed 200 OK in 26ms (Views: 9.6ms | ActiveRecord: 0.0ms | Allocations: 7983)


Started GET "/todos" for 127.0.0.1 at 2022-03-12 00:08:34 +0000
Processing by TodosController#index as HTML
  Rendering layout layouts/application.html.erb
  Rendering todos/index.html.erb within layouts/application
  [1m[36mTodo Load (0.2ms)[0m  [1m[34mSELECT "todos".* FROM "todos"[0m
  ↳ app/views/todos/index.html.erb:6
  Rendered todos/_todo.html.erb (Duration: 0.7ms | Allocations: 365)
  Rendered todos/_todo.html.erb (Duration: 0.1ms | Allocations: 24)
  Rendered todos/_todo.html.erb (Duration: 0.0ms | Allocations: 24)
  Rendered todos/index.html.erb within layouts/application (Duration: 14.1ms | Allocations: 9093)
  Rendered layout layouts/application.html.erb (Duration: 692.5ms | Allocations: 100047)
Completed 200 OK in 699ms (Views: 693.6ms | ActiveRecord: 0.7ms | Allocations: 102239)


